#
# There is insufficient memory for the Java Runtime Environment to continue.
# Native memory allocation (malloc) failed to allocate 98552 bytes for Chunk::new
# Possible reasons:
#   The system is out of physical RAM or swap space
#   The process is running with CompressedOops enabled, and the Java Heap may be blocking the growth of the native heap
# Possible solutions:
#   Reduce memory load on the system
#   Increase physical memory or swap space
#   Check if swap backing store is full
#   Decrease Java heap size (-Xmx/-Xms)
#   Decrease number of Java threads
#   Decrease Java thread stack sizes (-Xss)
#   Set larger code cache with -XX:ReservedCodeCacheSize=
#   JVM is running with Unscaled Compressed Oops mode in which the Java heap is
#     placed in the first 4GB address space. The Java Heap base address is the
#     maximum limit for the native heap growth. Please use -XX:HeapBaseMinAddress
#     to set the Java Heap base and to place the Java Heap above 4GB virtual address.
# This output file may be truncated or incomplete.
#
#  Out of Memory Error (arena.cpp:168), pid=9036, tid=15824
#
# JRE version: Java(TM) SE Runtime Environment (21.0.2+13) (build 21.0.2+13-LTS-58)
# Java VM: Java HotSpot(TM) 64-Bit Server VM (21.0.2+13-LTS-58, mixed mode, sharing, tiered, compressed oops, compressed class ptrs, g1 gc, windows-amd64)
# No core dump will be written. Minidumps are not enabled by default on client versions of Windows
#

---------------  S U M M A R Y ------------

Command Line: -javaagent:C:\Program Files\JetBrains\IntelliJ IDEA Community Edition 2023.3.4\lib\idea_rt.jar=54313:C:\Program Files\JetBrains\IntelliJ IDEA Community Edition 2023.3.4\bin -Dfile.encoding=UTF-8 -Dsun.stdout.encoding=UTF-8 -Dsun.stderr.encoding=UTF-8 SocialMediaPlatform.Main

Host: Intel(R) Core(TM) i5-6300U CPU @ 2.40GHz, 4 cores, 7G,  Windows 11 , 64 bit Build 22000 (10.0.22000.2538)
Time: Sun Nov 24 20:47:53 2024 Pakistan Standard Time elapsed time: 0.301596 seconds (0d 0h 0m 0s)

---------------  T H R E A D  ---------------

Current thread (0x000001a461c2f980):  JavaThread "main"             [_thread_in_vm, id=15824, stack(0x0000009b11e00000,0x0000009b11f00000) (1024K)]

Stack: [0x0000009b11e00000,0x0000009b11f00000]
Native frames: (J=compiled Java code, j=interpreted, Vv=VM code, C=native code)
V  [jvm.dll+0x6cade9]
V  [jvm.dll+0x8569c1]
V  [jvm.dll+0x858d2e]
V  [jvm.dll+0x859413]
V  [jvm.dll+0x280e56]
V  [jvm.dll+0xc3f3d]
V  [jvm.dll+0xc4473]
V  [jvm.dll+0x2206f5]
V  [jvm.dll+0x21f636]
V  [jvm.dll+0x7cec21]
V  [jvm.dll+0x7cfc85]
V  [jvm.dll+0x7d022f]
V  [jvm.dll+0x476ff6]
C  [java.dll+0x1a2d]

Java frames: (J=compiled Java code, j=interpreted, Vv=VM code)
j  java.lang.ClassLoader.findBootstrapClass(Ljava/lang/String;)Ljava/lang/Class;+0 java.base@21.0.2
j  java.lang.ClassLoader.findBootstrapClassOrNull(Ljava/lang/String;)Ljava/lang/Class;+10 java.base@21.0.2
j  java.lang.System$2.findBootstrapClassOrNull(Ljava/lang/String;)Ljava/lang/Class;+1 java.base@21.0.2
j  jdk.internal.loader.ClassLoaders$BootClassLoader.loadClassOrNull(Ljava/lang/String;Z)Ljava/lang/Class;+4 java.base@21.0.2
j  jdk.internal.loader.BuiltinClassLoader.loadClassOrNull(Ljava/lang/String;)Ljava/lang/Class;+3 java.base@21.0.2
j  jdk.internal.loader.BuiltinClassLoader.loadClassOrNull(Ljava/lang/String;Z)Ljava/lang/Class;+66 java.base@21.0.2
j  jdk.internal.loader.BuiltinClassLoader.loadClass(Ljava/lang/String;Z)Ljava/lang/Class;+3 java.base@21.0.2
j  jdk.internal.loader.ClassLoaders$AppClassLoader.loadClass(Ljava/lang/String;Z)Ljava/lang/Class;+36 java.base@21.0.2
j  java.lang.ClassLoader.loadClass(Ljava/lang/String;)Ljava/lang/Class;+3 java.base@21.0.2
v  ~StubRoutines::call_stub 0x000001a47382100d
j  SocialMediaPlatform.Main.main([Ljava/lang/String;)V+0
v  ~StubRoutines::call_stub 0x000001a47382100d

---------------  P R O C E S S  ---------------

Threads class SMR info:
_java_thread_list=0x000001a4451fd9f0, length=12, elements={
0x000001a461c2f980, 0x000001a47fcc1fc0, 0x000001a47fcc2ce0, 0x000001a47fcc48b0,
0x000001a47fcc5310, 0x000001a47fcc5d70, 0x000001a47fcc6f70, 0x000001a47fcc7f60,
0x000001a47fcca160, 0x000001a44506b840, 0x000001a44521f330, 0x000001a445222c00
}

Java Threads: ( => current thread )
=>0x000001a461c2f980 JavaThread "main"                              [_thread_in_vm, id=15824, stack(0x0000009b11e00000,0x0000009b11f00000) (1024K)]
  0x000001a47fcc1fc0 JavaThread "Reference Handler"          daemon [_thread_blocked, id=2540, stack(0x0000009b12600000,0x0000009b12700000) (1024K)]
  0x000001a47fcc2ce0 JavaThread "Finalizer"                  daemon [_thread_blocked, id=9892, stack(0x0000009b12700000,0x0000009b12800000) (1024K)]
  0x000001a47fcc48b0 JavaThread "Signal Dispatcher"          daemon [_thread_blocked, id=3204, stack(0x0000009b12800000,0x0000009b12900000) (1024K)]
  0x000001a47fcc5310 JavaThread "Attach Listener"            daemon [_thread_blocked, id=5660, stack(0x0000009b12900000,0x0000009b12a00000) (1024K)]
  0x000001a47fcc5d70 JavaThread "Service Thread"             daemon [_thread_blocked, id=15328, stack(0x0000009b12a00000,0x0000009b12b00000) (1024K)]
  0x000001a47fcc6f70 JavaThread "Monitor Deflation Thread"   daemon [_thread_blocked, id=10724, stack(0x0000009b12b00000,0x0000009b12c00000) (1024K)]
  0x000001a47fcc7f60 JavaThread "C2 CompilerThread0"         daemon [_thread_blocked, id=12796, stack(0x0000009b12c00000,0x0000009b12d00000) (1024K)]
  0x000001a47fcca160 JavaThread "C1 CompilerThread0"         daemon [_thread_blocked, id=7136, stack(0x0000009b12d00000,0x0000009b12e00000) (1024K)]
  0x000001a44506b840 JavaThread "Common-Cleaner"             daemon [_thread_blocked, id=7928, stack(0x0000009b12e00000,0x0000009b12f00000) (1024K)]
  0x000001a44521f330 JavaThread "Monitor Ctrl-Break"         daemon [_thread_in_native, id=14724, stack(0x0000009b12f00000,0x0000009b13000000) (1024K)]
  0x000001a445222c00 JavaThread "Notification Thread"        daemon [_thread_blocked, id=12736, stack(0x0000009b13000000,0x0000009b13100000) (1024K)]
Total: 12

Other Threads:
  0x000001a47fca05c0 VMThread "VM Thread"                           [id=14996, stack(0x0000009b12500000,0x0000009b12600000) (1024K)]
  0x000001a47fc879a0 WatcherThread "VM Periodic Task Thread"        [id=1068, stack(0x0000009b12400000,0x0000009b12500000) (1024K)]
  0x000001a463ec81b0 WorkerThread "GC Thread#0"                     [id=5776, stack(0x0000009b11f00000,0x0000009b12000000) (1024K)]
  0x000001a463ed7e50 ConcurrentGCThread "G1 Main Marker"            [id=9652, stack(0x0000009b12000000,0x0000009b12100000) (1024K)]
  0x000001a463ed8b00 WorkerThread "G1 Conc#0"                       [id=7448, stack(0x0000009b12100000,0x0000009b12200000) (1024K)]
  0x000001a463f46cc0 ConcurrentGCThread "G1 Refine#0"               [id=8304, stack(0x0000009b12200000,0x0000009b12300000) (1024K)]
  0x000001a463f479e0 ConcurrentGCThread "G1 Service"                [id=14740, stack(0x0000009b12300000,0x0000009b12400000) (1024K)]
Total: 7

Threads with active compile tasks:
Total: 0

VM state: not at safepoint (normal execution)

VM Mutex/Monitor currently owned by a thread: None

Heap address: 0x0000000089a00000, size: 1894 MB, Compressed Oops mode: 32-bit

CDS archive(s) mapped at: [0x000001a400000000-0x000001a400c90000-0x000001a400c90000), size 13172736, SharedBaseAddress: 0x000001a400000000, ArchiveRelocationMode: 1.
Compressed class space mapped at: 0x000001a401000000-0x000001a441000000, reserved size: 1073741824
Narrow klass base: 0x000001a400000000, Narrow klass shift: 0, Narrow klass range: 0x100000000

GC Precious Log:
 CardTable entry size: 512
 Card Set container configuration: InlinePtr #cards 5 size 8 Array Of Cards #cards 12 size 40 Howl #buckets 4 coarsen threshold 1843 Howl Bitmap #cards 512 size 80 coarsen threshold 460 Card regions per heap region 1 cards per card region 2048
 CPUs: 4 total, 4 available
 Memory: 7568M
 Large Page Support: Disabled
 NUMA Support: Disabled
 Compressed Oops: Enabled (32-bit)
 Heap Region Size: 1M
 Heap Min Capacity: 8M
 Heap Initial Capacity: 120M
 Heap Max Capacity: 1894M
 Pre-touch: Disabled
 Parallel Workers: 4
 Concurrent Workers: 1
 Concurrent Refinement Workers: 4
 Periodic GC: Disabled

Heap:
 garbage-first heap   total 122880K, used 2048K [0x0000000089a00000, 0x0000000100000000)
  region size 1024K, 3 young (3072K), 0 survivors (0K)
 Metaspace       used 784K, committed 896K, reserved 1114112K
  class space    used 62K, committed 128K, reserved 1048576K

Heap Regions: E=young(eden), S=young(survivor), O=old, HS=humongous(starts), HC=humongous(continues), CS=collection set, F=free, TAMS=top-at-mark-start, PB=parsable bottom
|   0|0x0000000089a00000, 0x0000000089a00000, 0x0000000089b00000|  0%| F|  |TAMS 0x0000000089a00000| PB 0x0000000089a00000| Untracked 
|   1|0x0000000089b00000, 0x0000000089b00000, 0x0000000089c00000|  0%| F|  |TAMS 0x0000000089b00000| PB 0x0000000089b00000| Untracked 
|   2|0x0000000089c00000, 0x0000000089c00000, 0x0000000089d00000|  0%| F|  |TAMS 0x0000000089c00000| PB 0x0000000089c00000| Untracked 
|   3|0x0000000089d00000, 0x0000000089d00000, 0x0000000089e00000|  0%| F|  |TAMS 0x0000000089d00000| PB 0x0000000089d00000| Untracked 
|   4|0x0000000089e00000, 0x0000000089e00000, 0x0000000089f00000|  0%| F|  |TAMS 0x0000000089e00000| PB 0x0000000089e00000| Untracked 
|   5|0x0000000089f00000, 0x0000000089f00000, 0x000000008a000000|  0%| F|  |TAMS 0x0000000089f00000| PB 0x0000000089f00000| Untracked 
|   6|0x000000008a000000, 0x000000008a000000, 0x000000008a100000|  0%| F|  |TAMS 0x000000008a000000| PB 0x000000008a000000| Untracked 
|   7|0x000000008a100000, 0x000000008a100000, 0x000000008a200000|  0%| F|  |TAMS 0x000000008a100000| PB 0x000000008a100000| Untracked 
|   8|0x000000008a200000, 0x000000008a200000, 0x000000008a300000|  0%| F|  |TAMS 0x000000008a200000| PB 0x000000008a200000| Untracked 
|   9|0x000000008a300000, 0x000000008a300000, 0x000000008a400000|  0%| F|  |TAMS 0x000000008a300000| PB 0x000000008a300000| Untracked 
|  10|0x000000008a400000, 0x000000008a400000, 0x000000008a500000|  0%| F|  |TAMS 0x000000008a400000| PB 0x000000008a400000| Untracked 
|  11|0x000000008a500000, 0x000000008a500000, 0x000000008a600000|  0%| F|  |TAMS 0x000000008a500000| PB 0x000000008a500000| Untracked 
|  12|0x000000008a600000, 0x000000008a600000, 0x000000008a700000|  0%| F|  |TAMS 0x000000008a600000| PB 0x000000008a600000| Untracked 
|  13|0x000000008a700000, 0x000000008a700000, 0x000000008a800000|  0%| F|  |TAMS 0x000000008a700000| PB 0x000000008a700000| Untracked 
|  14|0x000000008a800000, 0x000000008a800000, 0x000000008a900000|  0%| F|  |TAMS 0x000000008a800000| PB 0x000000008a800000| Untracked 
|  15|0x000000008a900000, 0x000000008a900000, 0x000000008aa00000|  0%| F|  |TAMS 0x000000008a900000| PB 0x000000008a900000| Untracked 
|  16|0x000000008aa00000, 0x000000008aa00000, 0x000000008ab00000|  0%| F|  |TAMS 0x000000008aa00000| PB 0x000000008aa00000| Untracked 
|  17|0x000000008ab00000, 0x000000008ab00000, 0x000000008ac00000|  0%| F|  |TAMS 0x000000008ab00000| PB 0x000000008ab00000| Untracked 
|  18|0x000000008ac00000, 0x000000008ac00000, 0x000000008ad00000|  0%| F|  |TAMS 0x000000008ac00000| PB 0x000000008ac00000| Untracked 
|  19|0x000000008ad00000, 0x000000008ad00000, 0x000000008ae00000|  0%| F|  |TAMS 0x000000008ad00000| PB 0x000000008ad00000| Untracked 
|  20|0x000000008ae00000, 0x000000008ae00000, 0x000000008af00000|  0%| F|  |TAMS 0x000000008ae00000| PB 0x000000008ae00000| Untracked 
|  21|0x000000008af00000, 0x000000008af00000, 0x000000008b000000|  0%| F|  |TAMS 0x000000008af00000| PB 0x000000008af00000| Untracked 
|  22|0x000000008b000000, 0x000000008b000000, 0x000000008b100000|  0%| F|  |TAMS 0x000000008b000000| PB 0x000000008b000000| Untracked 
|  23|0x000000008b100000, 0x000000008b100000, 0x000000008b200000|  0%| F|  |TAMS 0x000000008b100000| PB 0x000000008b100000| Untracked 
|  24|0x000000008b200000, 0x000000008b200000, 0x000000008b300000|  0%| F|  |TAMS 0x000000008b200000| PB 0x000000008b200000| Untracked 
|  25|0x000000008b300000, 0x000000008b300000, 0x000000008b400000|  0%| F|  |TAMS 0x000000008b300000| PB 0x000000008b300000| Untracked 
|  26|0x000000008b400000, 0x000000008b400000, 0x000000008b500000|  0%| F|  |TAMS 0x000000008b400000| PB 0x000000008b400000| Untracked 
|  27|0x000000008b500000, 0x000000008b500000, 0x000000008b600000|  0%| F|  |TAMS 0x000000008b500000| PB 0x000000008b500000| Untracked 
|  28|0x000000008b600000, 0x000000008b600000, 0x000000008b700000|  0%| F|  |TAMS 0x000000008b600000| PB 0x000000008b600000| Untracked 
|  29|0x000000008b700000, 0x000000008b700000, 0x000000008b800000|  0%| F|  |TAMS 0x000000008b700000| PB 0x000000008b700000| Untracked 
|  30|0x000000008b800000, 0x000000008b800000, 0x000000008b900000|  0%| F|  |TAMS 0x000000008b800000| PB 0x000000008b800000| Untracked 
|  31|0x000000008b900000, 0x000000008b900000, 0x000000008ba00000|  0%| F|  |TAMS 0x000000008b900000| PB 0x000000008b900000| Untracked 
|  32|0x000000008ba00000, 0x000000008ba00000, 0x000000008bb00000|  0%| F|  |TAMS 0x000000008ba00000| PB 0x000000008ba00000| Untracked 
|  33|0x000000008bb00000, 0x000000008bb00000, 0x000000008bc00000|  0%| F|  |TAMS 0x000000008bb00000| PB 0x000000008bb00000| Untracked 
|  34|0x000000008bc00000, 0x000000008bc00000, 0x000000008bd00000|  0%| F|  |TAMS 0x000000008bc00000| PB 0x000000008bc00000| Untracked 
|  35|0x000000008bd00000, 0x000000008bd00000, 0x000000008be00000|  0%| F|  |TAMS 0x000000008bd00000| PB 0x000000008bd00000| Untracked 
|  36|0x000000008be00000, 0x000000008be00000, 0x000000008bf00000|  0%| F|  |TAMS 0x000000008be00000| PB 0x000000008be00000| Untracked 
|  37|0x000000008bf00000, 0x000000008bf00000, 0x000000008c000000|  0%| F|  |TAMS 0x000000008bf00000| PB 0x000000008bf00000| Untracked 
|  38|0x000000008c000000, 0x000000008c000000, 0x000000008c100000|  0%| F|  |TAMS 0x000000008c000000| PB 0x000000008c000000| Untracked 
|  39|0x000000008c100000, 0x000000008c100000, 0x000000008c200000|  0%| F|  |TAMS 0x000000008c100000| PB 0x000000008c100000| Untracked 
|  40|0x000000008c200000, 0x000000008c200000, 0x000000008c300000|  0%| F|  |TAMS 0x000000008c200000| PB 0x000000008c200000| Untracked 
|  41|0x000000008c300000, 0x000000008c300000, 0x000000008c400000|  0%| F|  |TAMS 0x000000008c300000| PB 0x000000008c300000| Untracked 
|  42|0x000000008c400000, 0x000000008c400000, 0x000000008c500000|  0%| F|  |TAMS 0x000000008c400000| PB 0x000000008c400000| Untracked 
|  43|0x000000008c500000, 0x000000008c500000, 0x000000008c600000|  0%| F|  |TAMS 0x000000008c500000| PB 0x000000008c500000| Untracked 
|  44|0x000000008c600000, 0x000000008c600000, 0x000000008c700000|  0%| F|  |TAMS 0x000000008c600000| PB 0x000000008c600000| Untracked 
|  45|0x000000008c700000, 0x000000008c700000, 0x000000008c800000|  0%| F|  |TAMS 0x000000008c700000| PB 0x000000008c700000| Untracked 
|  46|0x000000008c800000, 0x000000008c800000, 0x000000008c900000|  0%| F|  |TAMS 0x000000008c800000| PB 0x000000008c800000| Untracked 
|  47|0x000000008c900000, 0x000000008c900000, 0x000000008ca00000|  0%| F|  |TAMS 0x000000008c900000| PB 0x000000008c900000| Untracked 
|  48|0x000000008ca00000, 0x000000008ca00000, 0x000000008cb00000|  0%| F|  |TAMS 0x000000008ca00000| PB 0x000000008ca00000| Untracked 
|  49|0x000000008cb00000, 0x000000008cb00000, 0x000000008cc00000|  0%| F|  |TAMS 0x000000008cb00000| PB 0x000000008cb00000| Untracked 
|  50|0x000000008cc00000, 0x000000008cc00000, 0x000000008cd00000|  0%| F|  |TAMS 0x000000008cc00000| PB 0x000000008cc00000| Untracked 
|  51|0x000000008cd00000, 0x000000008cd00000, 0x000000008ce00000|  0%| F|  |TAMS 0x000000008cd00000| PB 0x000000008cd00000| Untracked 
|  52|0x000000008ce00000, 0x000000008ce00000, 0x000000008cf00000|  0%| F|  |TAMS 0x000000008ce00000| PB 0x000000008ce00000| Untracked 
|  53|0x000000008cf00000, 0x000000008cf00000, 0x000000008d000000|  0%| F|  |TAMS 0x000000008cf00000| PB 0x000000008cf00000| Untracked 
|  54|0x000000008d000000, 0x000000008d000000, 0x000000008d100000|  0%| F|  |TAMS 0x000000008d000000| PB 0x000000008d000000| Untracked 
|  55|0x000000008d100000, 0x000000008d100000, 0x000000008d200000|  0%| F|  |TAMS 0x000000008d100000| PB 0x000000008d100000| Untracked 
|  56|0x000000008d200000, 0x000000008d200000, 0x000000008d300000|  0%| F|  |TAMS 0x000000008d200000| PB 0x000000008d200000| Untracked 
|  57|0x000000008d300000, 0x000000008d300000, 0x000000008d400000|  0%| F|  |TAMS 0x000000008d300000| PB 0x000000008d300000| Untracked 
|  58|0x000000008d400000, 0x000000008d400000, 0x000000008d500000|  0%| F|  |TAMS 0x000000008d400000| PB 0x000000008d400000| Untracked 
|  59|0x000000008d500000, 0x000000008d500000, 0x000000008d600000|  0%| F|  |TAMS 0x000000008d500000| PB 0x000000008d500000| Untracked 
|  60|0x000000008d600000, 0x000000008d600000, 0x000000008d700000|  0%| F|  |TAMS 0x000000008d600000| PB 0x000000008d600000| Untracked 
|  61|0x000000008d700000, 0x000000008d700000, 0x000000008d800000|  0%| F|  |TAMS 0x000000008d700000| PB 0x000000008d700000| Untracked 
|  62|0x000000008d800000, 0x000000008d800000, 0x000000008d900000|  0%| F|  |TAMS 0x000000008d800000| PB 0x000000008d800000| Untracked 
|  63|0x000000008d900000, 0x000000008d900000, 0x000000008da00000|  0%| F|  |TAMS 0x000000008d900000| PB 0x000000008d900000| Untracked 
|  64|0x000000008da00000, 0x000000008da00000, 0x000000008db00000|  0%| F|  |TAMS 0x000000008da00000| PB 0x000000008da00000| Untracked 
|  65|0x000000008db00000, 0x000000008db00000, 0x000000008dc00000|  0%| F|  |TAMS 0x000000008db00000| PB 0x000000008db00000| Untracked 
|  66|0x000000008dc00000, 0x000000008dc00000, 0x000000008dd00000|  0%| F|  |TAMS 0x000000008dc00000| PB 0x000000008dc00000| Untracked 
|  67|0x000000008dd00000, 0x000000008dd00000, 0x000000008de00000|  0%| F|  |TAMS 0x000000008dd00000| PB 0x000000008dd00000| Untracked 
|  68|0x000000008de00000, 0x000000008de00000, 0x000000008df00000|  0%| F|  |TAMS 0x000000008de00000| PB 0x000000008de00000| Untracked 
|  69|0x000000008df00000, 0x000000008df00000, 0x000000008e000000|  0%| F|  |TAMS 0x000000008df00000| PB 0x000000008df00000| Untracked 
|  70|0x000000008e000000, 0x000000008e000000, 0x000000008e100000|  0%| F|  |TAMS 0x000000008e000000| PB 0x000000008e000000| Untracked 
|  71|0x000000008e100000, 0x000000008e100000, 0x000000008e200000|  0%| F|  |TAMS 0x000000008e100000| PB 0x000000008e100000| Untracked 
|  72|0x000000008e200000, 0x000000008e200000, 0x000000008e300000|  0%| F|  |TAMS 0x000000008e200000| PB 0x000000008e200000| Untracked 
|  73|0x000000008e300000, 0x000000008e300000, 0x000000008e400000|  0%| F|  |TAMS 0x000000008e300000| PB 0x000000008e300000| Untracked 
|  74|0x000000008e400000, 0x000000008e400000, 0x000000008e500000|  0%| F|  |TAMS 0x000000008e400000| PB 0x000000008e400000| Untracked 
|  75|0x000000008e500000, 0x000000008e500000, 0x000000008e600000|  0%| F|  |TAMS 0x000000008e500000| PB 0x000000008e500000| Untracked 
|  76|0x000000008e600000, 0x000000008e600000, 0x000000008e700000|  0%| F|  |TAMS 0x000000008e600000| PB 0x000000008e600000| Untracked 
|  77|0x000000008e700000, 0x000000008e700000, 0x000000008e800000|  0%| F|  |TAMS 0x000000008e700000| PB 0x000000008e700000| Untracked 
|  78|0x000000008e800000, 0x000000008e800000, 0x000000008e900000|  0%| F|  |TAMS 0x000000008e800000| PB 0x000000008e800000| Untracked 
|  79|0x000000008e900000, 0x000000008e900000, 0x000000008ea00000|  0%| F|  |TAMS 0x000000008e900000| PB 0x000000008e900000| Untracked 
|  80|0x000000008ea00000, 0x000000008ea00000, 0x000000008eb00000|  0%| F|  |TAMS 0x000000008ea00000| PB 0x000000008ea00000| Untracked 
|  81|0x000000008eb00000, 0x000000008eb00000, 0x000000008ec00000|  0%| F|  |TAMS 0x000000008eb00000| PB 0x000000008eb00000| Untracked 
|  82|0x000000008ec00000, 0x000000008ec00000, 0x000000008ed00000|  0%| F|  |TAMS 0x000000008ec00000| PB 0x000000008ec00000| Untracked 
|  83|0x000000008ed00000, 0x000000008ed00000, 0x000000008ee00000|  0%| F|  |TAMS 0x000000008ed00000| PB 0x000000008ed00000| Untracked 
|  84|0x000000008ee00000, 0x000000008ee00000, 0x000000008ef00000|  0%| F|  |TAMS 0x000000008ee00000| PB 0x000000008ee00000| Untracked 
|  85|0x000000008ef00000, 0x000000008ef00000, 0x000000008f000000|  0%| F|  |TAMS 0x000000008ef00000| PB 0x000000008ef00000| Untracked 
|  86|0x000000008f000000, 0x000000008f000000, 0x000000008f100000|  0%| F|  |TAMS 0x000000008f000000| PB 0x000000008f000000| Untracked 
|  87|0x000000008f100000, 0x000000008f100000, 0x000000008f200000|  0%| F|  |TAMS 0x000000008f100000| PB 0x000000008f100000| Untracked 
|  88|0x000000008f200000, 0x000000008f200000, 0x000000008f300000|  0%| F|  |TAMS 0x000000008f200000| PB 0x000000008f200000| Untracked 
|  89|0x000000008f300000, 0x000000008f300000, 0x000000008f400000|  0%| F|  |TAMS 0x000000008f300000| PB 0x000000008f300000| Untracked 
|  90|0x000000008f400000, 0x000000008f400000, 0x000000008f500000|  0%| F|  |TAMS 0x000000008f400000| PB 0x000000008f400000| Untracked 
|  91|0x000000008f500000, 0x000000008f500000, 0x000000008f600000|  0%| F|  |TAMS 0x000000008f500000| PB 0x000000008f500000| Untracked 
|  92|0x000000008f600000, 0x000000008f600000, 0x000000008f700000|  0%| F|  |TAMS 0x000000008f600000| PB 0x000000008f600000| Untracked 
|  93|0x000000008f700000, 0x000000008f700000, 0x000000008f800000|  0%| F|  |TAMS 0x000000008f700000| PB 0x000000008f700000| Untracked 
|  94|0x000000008f800000, 0x000000008f800000, 0x000000008f900000|  0%| F|  |TAMS 0x000000008f800000| PB 0x000000008f800000| Untracked 
|  95|0x000000008f900000, 0x000000008f900000, 0x000000008fa00000|  0%| F|  |TAMS 0x000000008f900000| PB 0x000000008f900000| Untracked 
|  96|0x000000008fa00000, 0x000000008fa00000, 0x000000008fb00000|  0%| F|  |TAMS 0x000000008fa00000| PB 0x000000008fa00000| Untracked 
|  97|0x000000008fb00000, 0x000000008fb00000, 0x000000008fc00000|  0%| F|  |TAMS 0x000000008fb00000| PB 0x000000008fb00000| Untracked 
|  98|0x000000008fc00000, 0x000000008fc00000, 0x000000008fd00000|  0%| F|  |TAMS 0x000000008fc00000| PB 0x000000008fc00000| Untracked 
|  99|0x000000008fd00000, 0x000000008fd00000, 0x000000008fe00000|  0%| F|  |TAMS 0x000000008fd00000| PB 0x000000008fd00000| Untracked 
| 100|0x000000008fe00000, 0x000000008fe00000, 0x000000008ff00000|  0%| F|  |TAMS 0x000000008fe00000| PB 0x000000008fe00000| Untracked 
| 101|0x000000008ff00000, 0x000000008ff00000, 0x0000000090000000|  0%| F|  |TAMS 0x000000008ff00000| PB 0x000000008ff00000| Untracked 
| 102|0x0000000090000000, 0x0000000090000000, 0x0000000090100000|  0%| F|  |TAMS 0x0000000090000000| PB 0x0000000090000000| Untracked 
| 103|0x0000000090100000, 0x0000000090100000, 0x0000000090200000|  0%| F|  |TAMS 0x0000000090100000| PB 0x0000000090100000| Untracked 
| 104|0x0000000090200000, 0x0000000090200000, 0x0000000090300000|  0%| F|  |TAMS 0x0000000090200000| PB 0x0000000090200000| Untracked 
| 105|0x0000000090300000, 0x0000000090300000, 0x0000000090400000|  0%| F|  |TAMS 0x0000000090300000| PB 0x0000000090300000| Untracked 
| 106|0x0000000090400000, 0x0000000090400000, 0x0000000090500000|  0%| F|  |TAMS 0x0000000090400000| PB 0x0000000090400000| Untracked 
| 107|0x0000000090500000, 0x0000000090500000, 0x0000000090600000|  0%| F|  |TAMS 0x0000000090500000| PB 0x0000000090500000| Untracked 
| 108|0x0000000090600000, 0x0000000090600000, 0x0000000090700000|  0%| F|  |TAMS 0x0000000090600000| PB 0x0000000090600000| Untracked 
| 109|0x0000000090700000, 0x0000000090700000, 0x0000000090800000|  0%| F|  |TAMS 0x0000000090700000| PB 0x0000000090700000| Untracked 
| 110|0x0000000090800000, 0x0000000090800000, 0x0000000090900000|  0%| F|  |TAMS 0x0000000090800000| PB 0x0000000090800000| Untracked 
| 111|0x0000000090900000, 0x0000000090900000, 0x0000000090a00000|  0%| F|  |TAMS 0x0000000090900000| PB 0x0000000090900000| Untracked 
| 112|0x0000000090a00000, 0x0000000090a00000, 0x0000000090b00000|  0%| F|  |TAMS 0x0000000090a00000| PB 0x0000000090a00000| Untracked 
| 113|0x0000000090b00000, 0x0000000090b00000, 0x0000000090c00000|  0%| F|  |TAMS 0x0000000090b00000| PB 0x0000000090b00000| Untracked 
| 114|0x0000000090c00000, 0x0000000090c00000, 0x0000000090d00000|  0%| F|  |TAMS 0x0000000090c00000| PB 0x0000000090c00000| Untracked 
| 115|0x0000000090d00000, 0x0000000090d00000, 0x0000000090e00000|  0%| F|  |TAMS 0x0000000090d00000| PB 0x0000000090d00000| Untracked 
| 116|0x0000000090e00000, 0x0000000090e00000, 0x0000000090f00000|  0%| F|  |TAMS 0x0000000090e00000| PB 0x0000000090e00000| Untracked 
| 117|0x0000000090f00000, 0x0000000090fe2c40, 0x0000000091000000| 88%| E|  |TAMS 0x0000000090f00000| PB 0x0000000090f00000| Complete 
| 118|0x0000000091000000, 0x0000000091100000, 0x0000000091100000|100%| E|CS|TAMS 0x0000000091000000| PB 0x0000000091000000| Complete 
| 119|0x0000000091100000, 0x0000000091200000, 0x0000000091200000|100%| E|CS|TAMS 0x0000000091100000| PB 0x0000000091100000| Complete 

Card table byte_map: [0x000001a47b6b0000,0x000001a47ba70000] _byte_map_base: 0x000001a47b263000

Marking Bits: (CMBitMap*) 0x000001a463ec88b0
 Bits: [0x000001a47ba70000, 0x000001a47d808000)

Polling page: 0x000001a463650000

Metaspace:

Usage:
  Non-class:    722.40 KB used.
      Class:     62.13 KB used.
       Both:    784.53 KB used.

Virtual space:
  Non-class space:       64.00 MB reserved,     768.00 KB (  1%) committed,  1 nodes.
      Class space:        1.00 GB reserved,     128.00 KB ( <1%) committed,  1 nodes.
             Both:        1.06 GB reserved,     896.00 KB ( <1%) committed. 

Chunk freelists:
   Non-Class:  11.96 MB
       Class:  15.73 MB
        Both:  27.69 MB

MaxMetaspaceSize: unlimited
CompressedClassSpaceSize: 1.00 GB
Initial GC threshold: 21.00 MB
Current GC threshold: 21.00 MB
CDS: on
 - commit_granule_bytes: 65536.
 - commit_granule_words: 8192.
 - virtual_space_node_default_size: 8388608.
 - enlarge_chunks_in_place: 1.
 - use_allocation_guard: 0.


Internal statistics:

num_allocs_failed_limit: 0.
num_arena_births: 24.
num_arena_deaths: 0.
num_vsnodes_births: 2.
num_vsnodes_deaths: 0.
num_space_committed: 14.
num_space_uncommitted: 0.
num_chunks_returned_to_freelist: 0.
num_chunks_taken_from_freelist: 30.
num_chunk_merges: 0.
num_chunk_splits: 20.
num_chunks_enlarged: 11.
num_inconsistent_stats: 0.

CodeHeap 'non-profiled nmethods': size=120000Kb used=80Kb max_used=80Kb free=119919Kb
 bounds [0x000001a473dc0000, 0x000001a474030000, 0x000001a47b2f0000]
CodeHeap 'profiled nmethods': size=120000Kb used=269Kb max_used=269Kb free=119730Kb
 bounds [0x000001a46c2f0000, 0x000001a46c560000, 0x000001a473820000]
CodeHeap 'non-nmethods': size=5760Kb used=1300Kb max_used=1311Kb free=4459Kb
 bounds [0x000001a473820000, 0x000001a473a90000, 0x000001a473dc0000]
 total_blobs=660 nmethods=244 adapters=321
 compilation: enabled
              stopped_count=0, restarted_count=0
 full_count=0

Compilation events (20 events):
Event: 0.252 Thread 0x000001a47fcca160  226       3       sun.invoke.util.Wrapper::basicTypeChar (18 bytes)
Event: 0.253 Thread 0x000001a47fcca160 nmethod 226 0x000001a46c32e010 code [0x000001a46c32e1c0, 0x000001a46c32e398]
Event: 0.254 Thread 0x000001a47fcca160  229       1       java.lang.invoke.MethodTypeForm::erasedType (5 bytes)
Event: 0.254 Thread 0x000001a47fcca160 nmethod 229 0x000001a473dd2b90 code [0x000001a473dd2d20, 0x000001a473dd2de8]
Event: 0.258 Thread 0x000001a47fcca160  230       3       java.lang.StringLatin1::newString (24 bytes)
Event: 0.259 Thread 0x000001a47fcca160 nmethod 230 0x000001a46c32e490 code [0x000001a46c32e760, 0x000001a46c32f548]
Event: 0.263 Thread 0x000001a47fcca160  231       3       java.lang.System::getSecurityManager (12 bytes)
Event: 0.263 Thread 0x000001a47fcca160 nmethod 231 0x000001a46c32fa10 code [0x000001a46c32fbc0, 0x000001a46c32fd30]
Event: 0.264 Thread 0x000001a47fcca160  232       3       java.lang.StringUTF16::getChar (60 bytes)
Event: 0.264 Thread 0x000001a47fcca160 nmethod 232 0x000001a46c32fe10 code [0x000001a46c32ffc0, 0x000001a46c330130]
Event: 0.265 Thread 0x000001a47fcca160  233       3       java.lang.String::isLatin1 (19 bytes)
Event: 0.265 Thread 0x000001a47fcca160 nmethod 233 0x000001a46c330210 code [0x000001a46c3303c0, 0x000001a46c330538]
Event: 0.265 Thread 0x000001a47fcc7f60  234       4       java.lang.String::checkIndex (10 bytes)
Event: 0.265 Thread 0x000001a47fcca160  236       3       java.lang.String::charAt (25 bytes)
Event: 0.266 Thread 0x000001a47fcc7f60 nmethod 234 0x000001a473dd2e90 code [0x000001a473dd3020, 0x000001a473dd30c8]
Event: 0.266 Thread 0x000001a47fcca160 nmethod 236 0x000001a46c330610 code [0x000001a46c330800, 0x000001a46c330d48]
Event: 0.266 Thread 0x000001a47fcc7f60  235       4       java.lang.StringLatin1::charAt (15 bytes)
Event: 0.267 Thread 0x000001a47fcc7f60 nmethod 235 0x000001a473dd3190 code [0x000001a473dd3320, 0x000001a473dd33f0]
Event: 0.291 Thread 0x000001a47fcca160  237       3       java.lang.invoke.MethodType::checkPtypes (76 bytes)
Event: 0.292 Thread 0x000001a47fcca160 nmethod 237 0x000001a46c330f90 code [0x000001a46c331220, 0x000001a46c331cd0]

GC Heap History (0 events):
No events

Dll operation events (8 events):
Event: 0.017 Loaded shared library C:\Program Files\Java\jdk-21\bin\java.dll
Event: 0.067 Loaded shared library C:\Program Files\Java\jdk-21\bin\jsvml.dll
Event: 0.166 Loaded shared library C:\Program Files\Java\jdk-21\bin\zip.dll
Event: 0.174 Loaded shared library C:\Program Files\Java\jdk-21\bin\instrument.dll
Event: 0.186 Loaded shared library C:\Program Files\Java\jdk-21\bin\net.dll
Event: 0.189 Loaded shared library C:\Program Files\Java\jdk-21\bin\nio.dll
Event: 0.206 Loaded shared library C:\Program Files\Java\jdk-21\bin\zip.dll
Event: 0.262 Loaded shared library C:\Program Files\JetBrains\IntelliJ IDEA Community Edition 2023.3.4\bin\breakgen64.dll

Deoptimization events (8 events):
Event: 0.264 Thread 0x000001a461c2f980 Uncommon trap: trap_request=0xffffff45 fr.pc=0x000001a473dcff8c relative=0x000000000000006c
Event: 0.264 Thread 0x000001a461c2f980 Uncommon trap: reason=unstable_if action=reinterpret pc=0x000001a473dcff8c method=java.lang.String.isLatin1()Z @ 10 c2
Event: 0.264 Thread 0x000001a461c2f980 DEOPT PACKING pc=0x000001a473dcff8c sp=0x0000009b11efe190
Event: 0.264 Thread 0x000001a461c2f980 DEOPT UNPACKING pc=0x000001a4738746a2 sp=0x0000009b11efe120 mode 2
Event: 0.264 Thread 0x000001a461c2f980 Uncommon trap: trap_request=0xffffff45 fr.pc=0x000001a473dd0be4 relative=0x00000000000000c4
Event: 0.264 Thread 0x000001a461c2f980 Uncommon trap: reason=unstable_if action=reinterpret pc=0x000001a473dd0be4 method=java.lang.String.isLatin1()Z @ 10 c2
Event: 0.264 Thread 0x000001a461c2f980 DEOPT PACKING pc=0x000001a473dd0be4 sp=0x0000009b11efecb0
Event: 0.265 Thread 0x000001a461c2f980 DEOPT UNPACKING pc=0x000001a4738746a2 sp=0x0000009b11efebf0 mode 2

Classes loaded (20 events):
Event: 0.281 Loading class java/lang/invoke/VarHandleInts$FieldInstanceReadWrite
Event: 0.290 Loading class java/lang/invoke/VarHandleInts$FieldInstanceReadOnly
Event: 0.290 Loading class java/lang/invoke/VarHandleInts$FieldInstanceReadOnly done
Event: 0.290 Loading class java/lang/invoke/VarHandleInts$FieldInstanceReadWrite done
Event: 0.293 Loading class java/net/InetSocketAddress
Event: 0.293 Loading class java/net/SocketAddress
Event: 0.293 Loading class java/net/SocketAddress done
Event: 0.293 Loading class java/net/InetSocketAddress done
Event: 0.296 Loading class java/net/InetSocketAddress$InetSocketAddressHolder
Event: 0.296 Loading class java/net/InetSocketAddress$InetSocketAddressHolder done
Event: 0.296 Loading class java/net/SocketImpl
Event: 0.296 Loading class java/net/SocketOptions
Event: 0.296 Loading class java/net/SocketOptions done
Event: 0.296 Loading class java/net/SocketImpl done
Event: 0.296 Loading class sun/nio/ch/NioSocketImpl
Event: 0.297 Loading class sun/net/PlatformSocketImpl
Event: 0.297 Loading class java/awt/LayoutManager
Event: 0.297 Loading class sun/net/PlatformSocketImpl done
Event: 0.297 Loading class java/awt/LayoutManager done
Event: 0.297 Loading class java/awt/Component

Classes unloaded (0 events):
No events

Classes redefined (0 events):
No events

Internal exceptions (2 events):
Event: 0.216 Thread 0x000001a461c2f980 Exception <a 'java/lang/NoSuchMethodError'{0x0000000090f3ef48}: 'void java.lang.invoke.DirectMethodHandle$Holder.invokeStatic(java.lang.Object, java.lang.Object, java.lang.Object)'> (0x0000000090f3ef48) 
thrown [s\open\src\hotspot\share\interpreter\linkResolver.cpp, line 773]
Event: 0.253 Thread 0x000001a461c2f980 Exception <a 'java/lang/NoSuchMethodError'{0x0000000090f70fa8}: 'java.lang.Object java.lang.invoke.Invokers$Holder.invokeExact_MT(java.lang.Object, java.lang.Object, java.lang.Object, java.lang.Object, java.lang.Object)'> (0x0000000090f70fa8) 
thrown [s\open\src\hotspot\share\interpreter\linkResolver.cpp, line 773]

ZGC Phase Switch (0 events):
No events

VM Operations (2 events):
Event: 0.122 Executing VM operation: HandshakeAllThreads (Deoptimize)
Event: 0.122 Executing VM operation: HandshakeAllThreads (Deoptimize) done

Events (12 events):
Event: 0.038 Thread 0x000001a461c2f980 Thread added: 0x000001a461c2f980
Event: 0.063 Thread 0x000001a47fcc1fc0 Thread added: 0x000001a47fcc1fc0
Event: 0.063 Thread 0x000001a47fcc2ce0 Thread added: 0x000001a47fcc2ce0
Event: 0.063 Thread 0x000001a47fcc48b0 Thread added: 0x000001a47fcc48b0
Event: 0.064 Thread 0x000001a47fcc5310 Thread added: 0x000001a47fcc5310
Event: 0.064 Thread 0x000001a47fcc5d70 Thread added: 0x000001a47fcc5d70
Event: 0.064 Thread 0x000001a47fcc6f70 Thread added: 0x000001a47fcc6f70
Event: 0.064 Thread 0x000001a47fcc7f60 Thread added: 0x000001a47fcc7f60
Event: 0.065 Thread 0x000001a47fcca160 Thread added: 0x000001a47fcca160
Event: 0.108 Thread 0x000001a44506b840 Thread added: 0x000001a44506b840
Event: 0.263 Thread 0x000001a44521f330 Thread added: 0x000001a44521f330
Event: 0.263 Thread 0x000001a445222c00 Thread added: 0x000001a445222c00


Dynamic libraries:
0x00007ff62f650000 - 0x00007ff62f660000 	C:\Program Files\Java\jdk-21\bin\java.exe
0x00007ff962d40000 - 0x00007ff962f49000 	C:\Windows\SYSTEM32\ntdll.dll
0x00007ff961e20000 - 0x00007ff961edd000 	C:\Windows\System32\KERNEL32.DLL
0x00007ff960790000 - 0x00007ff960b14000 	C:\Windows\System32\KERNELBASE.dll
0x00007ff960670000 - 0x00007ff960781000 	C:\Windows\System32\ucrtbase.dll
0x00007ff92a820000 - 0x00007ff92a83b000 	C:\Program Files\Java\jdk-21\bin\VCRUNTIME140.dll
0x00007ff949c10000 - 0x00007ff949c29000 	C:\Program Files\Java\jdk-21\bin\jli.dll
0x00007ff962100000 - 0x00007ff9621ae000 	C:\Windows\System32\ADVAPI32.dll
0x00007ff960d80000 - 0x00007ff960e23000 	C:\Windows\System32\msvcrt.dll
0x00007ff962b80000 - 0x00007ff962c1e000 	C:\Windows\System32\sechost.dll
0x00007ff960ba0000 - 0x00007ff960cc1000 	C:\Windows\System32\RPCRT4.dll
0x00007ff960e30000 - 0x00007ff960fdd000 	C:\Windows\System32\USER32.dll
0x00007ff9604e0000 - 0x00007ff960506000 	C:\Windows\System32\win32u.dll
0x00007ff947fd0000 - 0x00007ff948275000 	C:\Windows\WinSxS\amd64_microsoft.windows.common-controls_6595b64144ccf1df_6.0.22000.120_none_9d947278b86cc467\COMCTL32.dll
0x00007ff9620d0000 - 0x00007ff9620fa000 	C:\Windows\System32\GDI32.dll
0x00007ff9601d0000 - 0x00007ff9602ee000 	C:\Windows\System32\gdi32full.dll
0x00007ff9605d0000 - 0x00007ff96066d000 	C:\Windows\System32\msvcp_win.dll
0x00007ff9573a0000 - 0x00007ff9573aa000 	C:\Windows\SYSTEM32\VERSION.dll
0x00007ff961810000 - 0x00007ff961841000 	C:\Windows\System32\IMM32.DLL
0x00007ff95c8c0000 - 0x00007ff95c8cc000 	C:\Program Files\Java\jdk-21\bin\vcruntime140_1.dll
0x00007ff92a6c0000 - 0x00007ff92a74e000 	C:\Program Files\Java\jdk-21\bin\msvcp140.dll
0x00007ff8d4e70000 - 0x00007ff8d5b87000 	C:\Program Files\Java\jdk-21\bin\server\jvm.dll
0x00007ff961f70000 - 0x00007ff961fdf000 	C:\Windows\System32\WS2_32.dll
0x00007ff95a9b0000 - 0x00007ff95a9e3000 	C:\Windows\SYSTEM32\WINMM.dll
0x00007ff95eb30000 - 0x00007ff95eb7d000 	C:\Windows\SYSTEM32\POWRPROF.dll
0x00007ff95ec20000 - 0x00007ff95ec33000 	C:\Windows\SYSTEM32\UMPDC.dll
0x00007ff95f330000 - 0x00007ff95f348000 	C:\Windows\SYSTEM32\kernel.appcore.dll
0x00007ff95c890000 - 0x00007ff95c89a000 	C:\Program Files\Java\jdk-21\bin\jimage.dll
0x00007ff949ee0000 - 0x00007ff94a101000 	C:\Windows\SYSTEM32\DBGHELP.DLL
0x00007ff949d20000 - 0x00007ff949d51000 	C:\Windows\SYSTEM32\dbgcore.DLL
0x00007ff9602f0000 - 0x00007ff96036f000 	C:\Windows\System32\bcryptPrimitives.dll
0x00007ff949c00000 - 0x00007ff949c0f000 	C:\Program Files\Java\jdk-21\bin\instrument.dll
0x00007ff92a800000 - 0x00007ff92a81f000 	C:\Program Files\Java\jdk-21\bin\java.dll
0x00007ff9622a0000 - 0x00007ff962a65000 	C:\Windows\System32\SHELL32.dll
0x00007ff95e2b0000 - 0x00007ff95eb12000 	C:\Windows\SYSTEM32\windows.storage.dll
0x00007ff961aa0000 - 0x00007ff961e16000 	C:\Windows\System32\combase.dll
0x00007ff95e140000 - 0x00007ff95e2a7000 	C:\Windows\SYSTEM32\wintypes.dll
0x00007ff961fe0000 - 0x00007ff9620ca000 	C:\Windows\System32\SHCORE.dll
0x00007ff961850000 - 0x00007ff9618ad000 	C:\Windows\System32\shlwapi.dll
0x00007ff960100000 - 0x00007ff960125000 	C:\Windows\SYSTEM32\profapi.dll
0x00007ff922fa0000 - 0x00007ff923077000 	C:\Program Files\Java\jdk-21\bin\jsvml.dll
0x00007ff92a7c0000 - 0x00007ff92a7d8000 	C:\Program Files\Java\jdk-21\bin\zip.dll
0x00007ff9431f0000 - 0x00007ff943200000 	C:\Program Files\Java\jdk-21\bin\net.dll
0x00007ff95ac30000 - 0x00007ff95ad44000 	C:\Windows\SYSTEM32\WINHTTP.dll
0x00007ff95f7e0000 - 0x00007ff95f847000 	C:\Windows\system32\mswsock.dll
0x00007ff92a7e0000 - 0x00007ff92a7f6000 	C:\Program Files\Java\jdk-21\bin\nio.dll
0x00007ff92a6a0000 - 0x00007ff92a6ba000 	C:\Program Files\JetBrains\IntelliJ IDEA Community Edition 2023.3.4\bin\breakgen64.dll
0x00007ff939040000 - 0x00007ff939049000 	C:\Program Files\Java\jdk-21\bin\extnet.dll

dbghelp: loaded successfully - version: 4.0.5 - missing functions: none
symbol engine: initialized successfully - sym options: 0x614 - pdb path: .;C:\Program Files\Java\jdk-21\bin;C:\Windows\SYSTEM32;C:\Windows\WinSxS\amd64_microsoft.windows.common-controls_6595b64144ccf1df_6.0.22000.120_none_9d947278b86cc467;C:\Program Files\Java\jdk-21\bin\server;C:\Program Files\JetBrains\IntelliJ IDEA Community Edition 2023.3.4\bin

VM Arguments:
jvm_args: -javaagent:C:\Program Files\JetBrains\IntelliJ IDEA Community Edition 2023.3.4\lib\idea_rt.jar=54313:C:\Program Files\JetBrains\IntelliJ IDEA Community Edition 2023.3.4\bin -Dfile.encoding=UTF-8 -Dsun.stdout.encoding=UTF-8 -Dsun.stderr.encoding=UTF-8 
java_command: SocialMediaPlatform.Main
java_class_path (initial): E:\UNIVERSITY\Semester-3\Data Structures\SocialMediaPlatform\out\production\SocialMediaPlatform;E:\UNIVERSITY\Semester-3\Data Structures\mysql-connector-j-9.1.0\mysql-connector-j-9.1.0.jar
Launcher Type: SUN_STANDARD

[Global flags]
     intx CICompilerCount                          = 3                                         {product} {ergonomic}
     uint ConcGCThreads                            = 1                                         {product} {ergonomic}
     uint G1ConcRefinementThreads                  = 4                                         {product} {ergonomic}
   size_t G1HeapRegionSize                         = 1048576                                   {product} {ergonomic}
    uintx GCDrainStackTargetSize                   = 64                                        {product} {ergonomic}
   size_t InitialHeapSize                          = 125829120                                 {product} {ergonomic}
   size_t MarkStackSize                            = 4194304                                   {product} {ergonomic}
   size_t MaxHeapSize                              = 1986002944                                {product} {ergonomic}
   size_t MaxNewSize                               = 1191182336                                {product} {ergonomic}
   size_t MinHeapDeltaBytes                        = 1048576                                   {product} {ergonomic}
   size_t MinHeapSize                              = 8388608                                   {product} {ergonomic}
    uintx NonNMethodCodeHeapSize                   = 5832780                                {pd product} {ergonomic}
    uintx NonProfiledCodeHeapSize                  = 122912730                              {pd product} {ergonomic}
    uintx ProfiledCodeHeapSize                     = 122912730                              {pd product} {ergonomic}
    uintx ReservedCodeCacheSize                    = 251658240                              {pd product} {ergonomic}
     bool SegmentedCodeCache                       = true                                      {product} {ergonomic}
   size_t SoftMaxHeapSize                          = 1986002944                             {manageable} {ergonomic}
     bool UseCompressedOops                        = true                           {product lp64_product} {ergonomic}
     bool UseG1GC                                  = true                                      {product} {ergonomic}
     bool UseLargePagesIndividualAllocation        = false                                  {pd product} {ergonomic}

Logging:
Log output configuration:
 #0: stdout all=warning uptime,level,tags foldmultilines=false
 #1: stderr all=off uptime,level,tags foldmultilines=false

Environment Variables:
PATH=C:\Program Files\Common Files\Oracle\Java\javapath;C:\Windows\system32;C:\Windows;C:\Windows\System32\Wbem;C:\Windows\System32\WindowsPowerShell\v1.0\;C:\Windows\System32\OpenSSH\;C:\Users\user\AppData\Roaming\nvm;C:\Program Files\nodejs;C:\Program Files\Git\cmd;C:\Users\user\AppData\Local\Programs\Python\Python312\Scripts\;C:\Users\user\AppData\Local\Programs\Python\Python312\;C:\Users\user\AppData\Local\Microsoft\WindowsApps;C:\Users\user\AppData\Local\Programs\Microsoft VS Code\bin;C:\Users\user\AppData\Roaming\npm;C:\Program Files\JetBrains\IntelliJ IDEA Community Edition 2023.3.4\bin;;C:\Users\user\AppData\Roaming\nvm;C:\Program Files\nodejs;C:\Program Files\MongoDB\Server\8.0\bin;
USERNAME=user
OS=Windows_NT
PROCESSOR_IDENTIFIER=Intel64 Family 6 Model 78 Stepping 3, GenuineIntel
TMP=C:\Users\user\AppData\Local\Temp
TEMP=C:\Users\user\AppData\Local\Temp




Periodic native trim disabled

---------------  S Y S T E M  ---------------

OS:
 Windows 11 , 64 bit Build 22000 (10.0.22000.2538)
OS uptime: 0 days 9:11 hours

CPU: total 4 (initial active 4) (2 cores per cpu, 2 threads per core) family 6 model 78 stepping 3 microcode 0xd6, cx8, cmov, fxsr, ht, mmx, 3dnowpref, sse, sse2, sse3, ssse3, sse4.1, sse4.2, popcnt, lzcnt, tsc, tscinvbit, avx, avx2, aes, erms, clmul, bmi1, bmi2, rtm, adx, fma, vzeroupper, clflush, clflushopt, rdtscp, f16c
Processor Information for all 4 processors :
  Max Mhz: 2496, Current Mhz: 798, Mhz Limit: 798

Memory: 4k page, system-wide physical 7568M (758M free)
TotalPageFile size 9616M (AvailPageFile size 5M)
current process WorkingSet (physical memory assigned to process): 38M, peak: 38M
current process commit charge ("private bytes"): 193M, peak: 193M

vm_info: Java HotSpot(TM) 64-Bit Server VM (21.0.2+13-LTS-58) for windows-amd64 JRE (21.0.2+13-LTS-58), built on 2024-01-05T18:32:24Z by "mach5one" with MS VC++ 17.1 (VS2022)

END.
