#
# There is insufficient memory for the Java Runtime Environment to continue.
# Native memory allocation (malloc) failed to allocate 1395344 bytes for Chunk::new
# Possible reasons:
#   The system is out of physical RAM or swap space
#   The process is running with CompressedOops enabled, and the Java Heap may be blocking the growth of the native heap
# Possible solutions:
#   Reduce memory load on the system
#   Increase physical memory or swap space
#   Check if swap backing store is full
#   Decrease Java heap size (-Xmx/-Xms)
#   Decrease number of Java threads
#   Decrease Java thread stack sizes (-Xss)
#   Set larger code cache with -XX:ReservedCodeCacheSize=
#   JVM is running with Unscaled Compressed Oops mode in which the Java heap is
#     placed in the first 4GB address space. The Java Heap base address is the
#     maximum limit for the native heap growth. Please use -XX:HeapBaseMinAddress
#     to set the Java Heap base and to place the Java Heap above 4GB virtual address.
# This output file may be truncated or incomplete.
#
#  Out of Memory Error (arena.cpp:168), pid=14960, tid=8100
#
# JRE version: Java(TM) SE Runtime Environment (21.0.2+13) (build 21.0.2+13-LTS-58)
# Java VM: Java HotSpot(TM) 64-Bit Server VM (21.0.2+13-LTS-58, mixed mode, sharing, tiered, compressed oops, compressed class ptrs, g1 gc, windows-amd64)
# No core dump will be written. Minidumps are not enabled by default on client versions of Windows
#

---------------  S U M M A R Y ------------

Command Line: -agentlib:jdwp=transport=dt_socket,address=127.0.0.1:52560,suspend=y,server=n -javaagent:C:\Users\user\AppData\Local\JetBrains\IdeaIC2023.3\captureAgent\debugger-agent.jar -Dfile.encoding=UTF-8 -Dsun.stdout.encoding=UTF-8 -Dsun.stderr.encoding=UTF-8 SocialMediaPlatform.Main

Host: Intel(R) Core(TM) i5-6300U CPU @ 2.40GHz, 4 cores, 7G,  Windows 11 , 64 bit Build 22000 (10.0.22000.2538)
Time: Mon Nov 25 18:33:13 2024 Pakistan Standard Time elapsed time: 2.099971 seconds (0d 0h 0m 2s)

---------------  T H R E A D  ---------------

Current thread (0x000001b27a83a470):  JavaThread "C2 CompilerThread0" daemon [_thread_in_native, id=8100, stack(0x000000968ae00000,0x000000968af00000) (1024K)]


Current CompileTask:
C2:   2100 1156       4       sun.security.ec.ECOperations::setDouble (463 bytes)

Stack: [0x000000968ae00000,0x000000968af00000]
Native frames: (J=compiled Java code, j=interpreted, Vv=VM code, C=native code)
V  [jvm.dll+0x6cade9]
V  [jvm.dll+0x8569c1]
V  [jvm.dll+0x858d2e]
V  [jvm.dll+0x859413]
V  [jvm.dll+0x280e56]
V  [jvm.dll+0xc3f3d]
V  [jvm.dll+0xc4473]
V  [jvm.dll+0x3b5c2c]
V  [jvm.dll+0x1e2013]
V  [jvm.dll+0x249d22]
V  [jvm.dll+0x2491b1]
V  [jvm.dll+0x1c9634]
V  [jvm.dll+0x258859]
V  [jvm.dll+0x256e3a]
V  [jvm.dll+0x3ef6c6]
V  [jvm.dll+0x7ff568]
V  [jvm.dll+0x6c953d]
C  [ucrtbase.dll+0x26c0c]
C  [KERNEL32.DLL+0x153e0]
C  [ntdll.dll+0x485b]


---------------  P R O C E S S  ---------------

Threads class SMR info:
_java_thread_list=0x000001b27ad01b30, length=16, elements={
0x000001b26d9f95a0, 0x000001b27a831e10, 0x000001b27a833140, 0x000001b27a836ae0,
0x000001b27a837540, 0x000001b27a838740, 0x000001b27a8392d0, 0x000001b27a83a470,
0x000001b27a841d60, 0x000001b27a7facb0, 0x000001b27ab143e0, 0x000001b27ab33f80,
0x000001b27ab116e0, 0x000001b27aba0310, 0x000001b27ac72070, 0x000001b27ad26570
}

Java Threads: ( => current thread )
  0x000001b26d9f95a0 JavaThread "main"                              [_thread_in_vm, id=1312, stack(0x000000968a000000,0x000000968a100000) (1024K)]
  0x000001b27a831e10 JavaThread "Reference Handler"          daemon [_thread_blocked, id=10124, stack(0x000000968a800000,0x000000968a900000) (1024K)]
  0x000001b27a833140 JavaThread "Finalizer"                  daemon [_thread_blocked, id=14032, stack(0x000000968a900000,0x000000968aa00000) (1024K)]
  0x000001b27a836ae0 JavaThread "Signal Dispatcher"          daemon [_thread_blocked, id=8752, stack(0x000000968aa00000,0x000000968ab00000) (1024K)]
  0x000001b27a837540 JavaThread "Attach Listener"            daemon [_thread_blocked, id=4496, stack(0x000000968ab00000,0x000000968ac00000) (1024K)]
  0x000001b27a838740 JavaThread "Service Thread"             daemon [_thread_blocked, id=14972, stack(0x000000968ac00000,0x000000968ad00000) (1024K)]
  0x000001b27a8392d0 JavaThread "Monitor Deflation Thread"   daemon [_thread_blocked, id=1532, stack(0x000000968ad00000,0x000000968ae00000) (1024K)]
=>0x000001b27a83a470 JavaThread "C2 CompilerThread0"         daemon [_thread_in_native, id=8100, stack(0x000000968ae00000,0x000000968af00000) (1024K)]
  0x000001b27a841d60 JavaThread "C1 CompilerThread0"         daemon [_thread_blocked, id=11812, stack(0x000000968af00000,0x000000968b000000) (1024K)]
  0x000001b27a7facb0 JavaThread "Common-Cleaner"             daemon [_thread_blocked, id=5036, stack(0x000000968b000000,0x000000968b100000) (1024K)]
  0x000001b27ab143e0 JavaThread "JDWP Transport Listener: dt_socket" daemon [_thread_blocked, id=13692, stack(0x000000968b100000,0x000000968b200000) (1024K)]
  0x000001b27ab33f80 JavaThread "JDWP Event Helper Thread"   daemon [_thread_blocked, id=11056, stack(0x000000968b200000,0x000000968b300000) (1024K)]
  0x000001b27ab116e0 JavaThread "JDWP Command Reader"        daemon [_thread_in_native, id=10460, stack(0x000000968b300000,0x000000968b400000) (1024K)]
  0x000001b27aba0310 JavaThread "Notification Thread"        daemon [_thread_blocked, id=11252, stack(0x000000968b400000,0x000000968b500000) (1024K)]
  0x000001b27ac72070 JavaThread "mysql-cj-abandoned-connection-cleanup" daemon [_thread_blocked, id=13960, stack(0x000000968b500000,0x000000968b600000) (1024K)]
  0x000001b27ad26570 JavaThread "C2 CompilerThread1"         daemon [_thread_blocked, id=5600, stack(0x000000968b600000,0x000000968b700000) (1024K)]
Total: 16

Other Threads:
  0x000001b27a812ab0 VMThread "VM Thread"                           [id=11736, stack(0x000000968a700000,0x000000968a800000) (1024K)]
  0x000001b27a7f9ee0 WatcherThread "VM Periodic Task Thread"        [id=4684, stack(0x000000968a600000,0x000000968a700000) (1024K)]
  0x000001b26da4e370 WorkerThread "GC Thread#0"                     [id=7432, stack(0x000000968a100000,0x000000968a200000) (1024K)]
  0x000001b27f301520 WorkerThread "GC Thread#1"                     [id=7308, stack(0x000000968b700000,0x000000968b800000) (1024K)]
  0x000001b27f0d4370 WorkerThread "GC Thread#2"                     [id=6888, stack(0x000000968b800000,0x000000968b900000) (1024K)]
  0x000001b27f0d4710 WorkerThread "GC Thread#3"                     [id=8196, stack(0x000000968b900000,0x000000968ba00000) (1024K)]
  0x000001b26b9fdb10 ConcurrentGCThread "G1 Main Marker"            [id=7768, stack(0x000000968a200000,0x000000968a300000) (1024K)]
  0x000001b26b9fe7c0 WorkerThread "G1 Conc#0"                       [id=7280, stack(0x000000968a300000,0x000000968a400000) (1024K)]
  0x000001b27a6d10a0 ConcurrentGCThread "G1 Refine#0"               [id=1856, stack(0x000000968a400000,0x000000968a500000) (1024K)]
  0x000001b26dac9f50 ConcurrentGCThread "G1 Service"                [id=14500, stack(0x000000968a500000,0x000000968a600000) (1024K)]
Total: 10

Threads with active compile tasks:
C2 CompilerThread0     2161 1156       4       sun.security.ec.ECOperations::setDouble (463 bytes)
Total: 1

VM state: not at safepoint (normal execution)

VM Mutex/Monitor currently owned by a thread: None

Heap address: 0x0000000089a00000, size: 1894 MB, Compressed Oops mode: 32-bit

CDS archive(s) mapped at: [0x000001b20f000000-0x000001b20fc90000-0x000001b20fc90000), size 13172736, SharedBaseAddress: 0x000001b20f000000, ArchiveRelocationMode: 1.
Compressed class space mapped at: 0x000001b210000000-0x000001b250000000, reserved size: 1073741824
Narrow klass base: 0x000001b20f000000, Narrow klass shift: 0, Narrow klass range: 0x100000000

GC Precious Log:
 CardTable entry size: 512
 Card Set container configuration: InlinePtr #cards 5 size 8 Array Of Cards #cards 12 size 40 Howl #buckets 4 coarsen threshold 1843 Howl Bitmap #cards 512 size 80 coarsen threshold 460 Card regions per heap region 1 cards per card region 2048
 CPUs: 4 total, 4 available
 Memory: 7568M
 Large Page Support: Disabled
 NUMA Support: Disabled
 Compressed Oops: Enabled (32-bit)
 Heap Region Size: 1M
 Heap Min Capacity: 8M
 Heap Initial Capacity: 120M
 Heap Max Capacity: 1894M
 Pre-touch: Disabled
 Parallel Workers: 4
 Concurrent Workers: 1
 Concurrent Refinement Workers: 4
 Periodic GC: Disabled

Heap:
 garbage-first heap   total 122880K, used 15296K [0x0000000089a00000, 0x0000000100000000)
  region size 1024K, 16 young (16384K), 2 survivors (2048K)
 Metaspace       used 11102K, committed 11264K, reserved 1114112K
  class space    used 1188K, committed 1280K, reserved 1048576K

Heap Regions: E=young(eden), S=young(survivor), O=old, HS=humongous(starts), HC=humongous(continues), CS=collection set, F=free, TAMS=top-at-mark-start, PB=parsable bottom
|   0|0x0000000089a00000, 0x0000000089a00000, 0x0000000089b00000|  0%| F|  |TAMS 0x0000000089a00000| PB 0x0000000089a00000| Untracked 
|   1|0x0000000089b00000, 0x0000000089b00000, 0x0000000089c00000|  0%| F|  |TAMS 0x0000000089b00000| PB 0x0000000089b00000| Untracked 
|   2|0x0000000089c00000, 0x0000000089c00000, 0x0000000089d00000|  0%| F|  |TAMS 0x0000000089c00000| PB 0x0000000089c00000| Untracked 
|   3|0x0000000089d00000, 0x0000000089d00000, 0x0000000089e00000|  0%| F|  |TAMS 0x0000000089d00000| PB 0x0000000089d00000| Untracked 
|   4|0x0000000089e00000, 0x0000000089e00000, 0x0000000089f00000|  0%| F|  |TAMS 0x0000000089e00000| PB 0x0000000089e00000| Untracked 
|   5|0x0000000089f00000, 0x0000000089f00000, 0x000000008a000000|  0%| F|  |TAMS 0x0000000089f00000| PB 0x0000000089f00000| Untracked 
|   6|0x000000008a000000, 0x000000008a000000, 0x000000008a100000|  0%| F|  |TAMS 0x000000008a000000| PB 0x000000008a000000| Untracked 
|   7|0x000000008a100000, 0x000000008a100000, 0x000000008a200000|  0%| F|  |TAMS 0x000000008a100000| PB 0x000000008a100000| Untracked 
|   8|0x000000008a200000, 0x000000008a200000, 0x000000008a300000|  0%| F|  |TAMS 0x000000008a200000| PB 0x000000008a200000| Untracked 
|   9|0x000000008a300000, 0x000000008a300000, 0x000000008a400000|  0%| F|  |TAMS 0x000000008a300000| PB 0x000000008a300000| Untracked 
|  10|0x000000008a400000, 0x000000008a400000, 0x000000008a500000|  0%| F|  |TAMS 0x000000008a400000| PB 0x000000008a400000| Untracked 
|  11|0x000000008a500000, 0x000000008a500000, 0x000000008a600000|  0%| F|  |TAMS 0x000000008a500000| PB 0x000000008a500000| Untracked 
|  12|0x000000008a600000, 0x000000008a600000, 0x000000008a700000|  0%| F|  |TAMS 0x000000008a600000| PB 0x000000008a600000| Untracked 
|  13|0x000000008a700000, 0x000000008a700000, 0x000000008a800000|  0%| F|  |TAMS 0x000000008a700000| PB 0x000000008a700000| Untracked 
|  14|0x000000008a800000, 0x000000008a800000, 0x000000008a900000|  0%| F|  |TAMS 0x000000008a800000| PB 0x000000008a800000| Untracked 
|  15|0x000000008a900000, 0x000000008a900000, 0x000000008aa00000|  0%| F|  |TAMS 0x000000008a900000| PB 0x000000008a900000| Untracked 
|  16|0x000000008aa00000, 0x000000008aa00000, 0x000000008ab00000|  0%| F|  |TAMS 0x000000008aa00000| PB 0x000000008aa00000| Untracked 
|  17|0x000000008ab00000, 0x000000008ab00000, 0x000000008ac00000|  0%| F|  |TAMS 0x000000008ab00000| PB 0x000000008ab00000| Untracked 
|  18|0x000000008ac00000, 0x000000008ac00000, 0x000000008ad00000|  0%| F|  |TAMS 0x000000008ac00000| PB 0x000000008ac00000| Untracked 
|  19|0x000000008ad00000, 0x000000008ad00000, 0x000000008ae00000|  0%| F|  |TAMS 0x000000008ad00000| PB 0x000000008ad00000| Untracked 
|  20|0x000000008ae00000, 0x000000008ae00000, 0x000000008af00000|  0%| F|  |TAMS 0x000000008ae00000| PB 0x000000008ae00000| Untracked 
|  21|0x000000008af00000, 0x000000008af00000, 0x000000008b000000|  0%| F|  |TAMS 0x000000008af00000| PB 0x000000008af00000| Untracked 
|  22|0x000000008b000000, 0x000000008b000000, 0x000000008b100000|  0%| F|  |TAMS 0x000000008b000000| PB 0x000000008b000000| Untracked 
|  23|0x000000008b100000, 0x000000008b100000, 0x000000008b200000|  0%| F|  |TAMS 0x000000008b100000| PB 0x000000008b100000| Untracked 
|  24|0x000000008b200000, 0x000000008b200000, 0x000000008b300000|  0%| F|  |TAMS 0x000000008b200000| PB 0x000000008b200000| Untracked 
|  25|0x000000008b300000, 0x000000008b300000, 0x000000008b400000|  0%| F|  |TAMS 0x000000008b300000| PB 0x000000008b300000| Untracked 
|  26|0x000000008b400000, 0x000000008b400000, 0x000000008b500000|  0%| F|  |TAMS 0x000000008b400000| PB 0x000000008b400000| Untracked 
|  27|0x000000008b500000, 0x000000008b500000, 0x000000008b600000|  0%| F|  |TAMS 0x000000008b500000| PB 0x000000008b500000| Untracked 
|  28|0x000000008b600000, 0x000000008b600000, 0x000000008b700000|  0%| F|  |TAMS 0x000000008b600000| PB 0x000000008b600000| Untracked 
|  29|0x000000008b700000, 0x000000008b700000, 0x000000008b800000|  0%| F|  |TAMS 0x000000008b700000| PB 0x000000008b700000| Untracked 
|  30|0x000000008b800000, 0x000000008b800000, 0x000000008b900000|  0%| F|  |TAMS 0x000000008b800000| PB 0x000000008b800000| Untracked 
|  31|0x000000008b900000, 0x000000008b900000, 0x000000008ba00000|  0%| F|  |TAMS 0x000000008b900000| PB 0x000000008b900000| Untracked 
|  32|0x000000008ba00000, 0x000000008ba00000, 0x000000008bb00000|  0%| F|  |TAMS 0x000000008ba00000| PB 0x000000008ba00000| Untracked 
|  33|0x000000008bb00000, 0x000000008bb00000, 0x000000008bc00000|  0%| F|  |TAMS 0x000000008bb00000| PB 0x000000008bb00000| Untracked 
|  34|0x000000008bc00000, 0x000000008bc00000, 0x000000008bd00000|  0%| F|  |TAMS 0x000000008bc00000| PB 0x000000008bc00000| Untracked 
|  35|0x000000008bd00000, 0x000000008bd00000, 0x000000008be00000|  0%| F|  |TAMS 0x000000008bd00000| PB 0x000000008bd00000| Untracked 
|  36|0x000000008be00000, 0x000000008be00000, 0x000000008bf00000|  0%| F|  |TAMS 0x000000008be00000| PB 0x000000008be00000| Untracked 
|  37|0x000000008bf00000, 0x000000008bf00000, 0x000000008c000000|  0%| F|  |TAMS 0x000000008bf00000| PB 0x000000008bf00000| Untracked 
|  38|0x000000008c000000, 0x000000008c000000, 0x000000008c100000|  0%| F|  |TAMS 0x000000008c000000| PB 0x000000008c000000| Untracked 
|  39|0x000000008c100000, 0x000000008c100000, 0x000000008c200000|  0%| F|  |TAMS 0x000000008c100000| PB 0x000000008c100000| Untracked 
|  40|0x000000008c200000, 0x000000008c200000, 0x000000008c300000|  0%| F|  |TAMS 0x000000008c200000| PB 0x000000008c200000| Untracked 
|  41|0x000000008c300000, 0x000000008c300000, 0x000000008c400000|  0%| F|  |TAMS 0x000000008c300000| PB 0x000000008c300000| Untracked 
|  42|0x000000008c400000, 0x000000008c400000, 0x000000008c500000|  0%| F|  |TAMS 0x000000008c400000| PB 0x000000008c400000| Untracked 
|  43|0x000000008c500000, 0x000000008c500000, 0x000000008c600000|  0%| F|  |TAMS 0x000000008c500000| PB 0x000000008c500000| Untracked 
|  44|0x000000008c600000, 0x000000008c600000, 0x000000008c700000|  0%| F|  |TAMS 0x000000008c600000| PB 0x000000008c600000| Untracked 
|  45|0x000000008c700000, 0x000000008c700000, 0x000000008c800000|  0%| F|  |TAMS 0x000000008c700000| PB 0x000000008c700000| Untracked 
|  46|0x000000008c800000, 0x000000008c800000, 0x000000008c900000|  0%| F|  |TAMS 0x000000008c800000| PB 0x000000008c800000| Untracked 
|  47|0x000000008c900000, 0x000000008c900000, 0x000000008ca00000|  0%| F|  |TAMS 0x000000008c900000| PB 0x000000008c900000| Untracked 
|  48|0x000000008ca00000, 0x000000008ca00000, 0x000000008cb00000|  0%| F|  |TAMS 0x000000008ca00000| PB 0x000000008ca00000| Untracked 
|  49|0x000000008cb00000, 0x000000008cb00000, 0x000000008cc00000|  0%| F|  |TAMS 0x000000008cb00000| PB 0x000000008cb00000| Untracked 
|  50|0x000000008cc00000, 0x000000008cc00000, 0x000000008cd00000|  0%| F|  |TAMS 0x000000008cc00000| PB 0x000000008cc00000| Untracked 
|  51|0x000000008cd00000, 0x000000008cd00000, 0x000000008ce00000|  0%| F|  |TAMS 0x000000008cd00000| PB 0x000000008cd00000| Untracked 
|  52|0x000000008ce00000, 0x000000008ce00000, 0x000000008cf00000|  0%| F|  |TAMS 0x000000008ce00000| PB 0x000000008ce00000| Untracked 
|  53|0x000000008cf00000, 0x000000008cf00000, 0x000000008d000000|  0%| F|  |TAMS 0x000000008cf00000| PB 0x000000008cf00000| Untracked 
|  54|0x000000008d000000, 0x000000008d000000, 0x000000008d100000|  0%| F|  |TAMS 0x000000008d000000| PB 0x000000008d000000| Untracked 
|  55|0x000000008d100000, 0x000000008d100000, 0x000000008d200000|  0%| F|  |TAMS 0x000000008d100000| PB 0x000000008d100000| Untracked 
|  56|0x000000008d200000, 0x000000008d200000, 0x000000008d300000|  0%| F|  |TAMS 0x000000008d200000| PB 0x000000008d200000| Untracked 
|  57|0x000000008d300000, 0x000000008d300000, 0x000000008d400000|  0%| F|  |TAMS 0x000000008d300000| PB 0x000000008d300000| Untracked 
|  58|0x000000008d400000, 0x000000008d400000, 0x000000008d500000|  0%| F|  |TAMS 0x000000008d400000| PB 0x000000008d400000| Untracked 
|  59|0x000000008d500000, 0x000000008d500000, 0x000000008d600000|  0%| F|  |TAMS 0x000000008d500000| PB 0x000000008d500000| Untracked 
|  60|0x000000008d600000, 0x000000008d600000, 0x000000008d700000|  0%| F|  |TAMS 0x000000008d600000| PB 0x000000008d600000| Untracked 
|  61|0x000000008d700000, 0x000000008d700000, 0x000000008d800000|  0%| F|  |TAMS 0x000000008d700000| PB 0x000000008d700000| Untracked 
|  62|0x000000008d800000, 0x000000008d800000, 0x000000008d900000|  0%| F|  |TAMS 0x000000008d800000| PB 0x000000008d800000| Untracked 
|  63|0x000000008d900000, 0x000000008d900000, 0x000000008da00000|  0%| F|  |TAMS 0x000000008d900000| PB 0x000000008d900000| Untracked 
|  64|0x000000008da00000, 0x000000008da00000, 0x000000008db00000|  0%| F|  |TAMS 0x000000008da00000| PB 0x000000008da00000| Untracked 
|  65|0x000000008db00000, 0x000000008db00000, 0x000000008dc00000|  0%| F|  |TAMS 0x000000008db00000| PB 0x000000008db00000| Untracked 
|  66|0x000000008dc00000, 0x000000008dc00000, 0x000000008dd00000|  0%| F|  |TAMS 0x000000008dc00000| PB 0x000000008dc00000| Untracked 
|  67|0x000000008dd00000, 0x000000008dd00000, 0x000000008de00000|  0%| F|  |TAMS 0x000000008dd00000| PB 0x000000008dd00000| Untracked 
|  68|0x000000008de00000, 0x000000008de00000, 0x000000008df00000|  0%| F|  |TAMS 0x000000008de00000| PB 0x000000008de00000| Untracked 
|  69|0x000000008df00000, 0x000000008df00000, 0x000000008e000000|  0%| F|  |TAMS 0x000000008df00000| PB 0x000000008df00000| Untracked 
|  70|0x000000008e000000, 0x000000008e000000, 0x000000008e100000|  0%| F|  |TAMS 0x000000008e000000| PB 0x000000008e000000| Untracked 
|  71|0x000000008e100000, 0x000000008e100000, 0x000000008e200000|  0%| F|  |TAMS 0x000000008e100000| PB 0x000000008e100000| Untracked 
|  72|0x000000008e200000, 0x000000008e200000, 0x000000008e300000|  0%| F|  |TAMS 0x000000008e200000| PB 0x000000008e200000| Untracked 
|  73|0x000000008e300000, 0x000000008e300000, 0x000000008e400000|  0%| F|  |TAMS 0x000000008e300000| PB 0x000000008e300000| Untracked 
|  74|0x000000008e400000, 0x000000008e400000, 0x000000008e500000|  0%| F|  |TAMS 0x000000008e400000| PB 0x000000008e400000| Untracked 
|  75|0x000000008e500000, 0x000000008e500000, 0x000000008e600000|  0%| F|  |TAMS 0x000000008e500000| PB 0x000000008e500000| Untracked 
|  76|0x000000008e600000, 0x000000008e600000, 0x000000008e700000|  0%| F|  |TAMS 0x000000008e600000| PB 0x000000008e600000| Untracked 
|  77|0x000000008e700000, 0x000000008e700000, 0x000000008e800000|  0%| F|  |TAMS 0x000000008e700000| PB 0x000000008e700000| Untracked 
|  78|0x000000008e800000, 0x000000008e800000, 0x000000008e900000|  0%| F|  |TAMS 0x000000008e800000| PB 0x000000008e800000| Untracked 
|  79|0x000000008e900000, 0x000000008e900000, 0x000000008ea00000|  0%| F|  |TAMS 0x000000008e900000| PB 0x000000008e900000| Untracked 
|  80|0x000000008ea00000, 0x000000008ea00000, 0x000000008eb00000|  0%| F|  |TAMS 0x000000008ea00000| PB 0x000000008ea00000| Untracked 
|  81|0x000000008eb00000, 0x000000008eb00000, 0x000000008ec00000|  0%| F|  |TAMS 0x000000008eb00000| PB 0x000000008eb00000| Untracked 
|  82|0x000000008ec00000, 0x000000008ec00000, 0x000000008ed00000|  0%| F|  |TAMS 0x000000008ec00000| PB 0x000000008ec00000| Untracked 
|  83|0x000000008ed00000, 0x000000008ed00000, 0x000000008ee00000|  0%| F|  |TAMS 0x000000008ed00000| PB 0x000000008ed00000| Untracked 
|  84|0x000000008ee00000, 0x000000008ee00000, 0x000000008ef00000|  0%| F|  |TAMS 0x000000008ee00000| PB 0x000000008ee00000| Untracked 
|  85|0x000000008ef00000, 0x000000008ef00000, 0x000000008f000000|  0%| F|  |TAMS 0x000000008ef00000| PB 0x000000008ef00000| Untracked 
|  86|0x000000008f000000, 0x000000008f000000, 0x000000008f100000|  0%| F|  |TAMS 0x000000008f000000| PB 0x000000008f000000| Untracked 
|  87|0x000000008f100000, 0x000000008f100000, 0x000000008f200000|  0%| F|  |TAMS 0x000000008f100000| PB 0x000000008f100000| Untracked 
|  88|0x000000008f200000, 0x000000008f200000, 0x000000008f300000|  0%| F|  |TAMS 0x000000008f200000| PB 0x000000008f200000| Untracked 
|  89|0x000000008f300000, 0x000000008f300000, 0x000000008f400000|  0%| F|  |TAMS 0x000000008f300000| PB 0x000000008f300000| Untracked 
|  90|0x000000008f400000, 0x000000008f400000, 0x000000008f500000|  0%| F|  |TAMS 0x000000008f400000| PB 0x000000008f400000| Untracked 
|  91|0x000000008f500000, 0x000000008f500000, 0x000000008f600000|  0%| F|  |TAMS 0x000000008f500000| PB 0x000000008f500000| Untracked 
|  92|0x000000008f600000, 0x000000008f600000, 0x000000008f700000|  0%| F|  |TAMS 0x000000008f600000| PB 0x000000008f600000| Untracked 
|  93|0x000000008f700000, 0x000000008f700000, 0x000000008f800000|  0%| F|  |TAMS 0x000000008f700000| PB 0x000000008f700000| Untracked 
|  94|0x000000008f800000, 0x000000008f800000, 0x000000008f900000|  0%| F|  |TAMS 0x000000008f800000| PB 0x000000008f800000| Untracked 
|  95|0x000000008f900000, 0x000000008f900000, 0x000000008fa00000|  0%| F|  |TAMS 0x000000008f900000| PB 0x000000008f900000| Untracked 
|  96|0x000000008fa00000, 0x000000008fa00000, 0x000000008fb00000|  0%| F|  |TAMS 0x000000008fa00000| PB 0x000000008fa00000| Untracked 
|  97|0x000000008fb00000, 0x000000008fb00000, 0x000000008fc00000|  0%| F|  |TAMS 0x000000008fb00000| PB 0x000000008fb00000| Untracked 
|  98|0x000000008fc00000, 0x000000008fc00000, 0x000000008fd00000|  0%| F|  |TAMS 0x000000008fc00000| PB 0x000000008fc00000| Untracked 
|  99|0x000000008fd00000, 0x000000008fd00000, 0x000000008fe00000|  0%| F|  |TAMS 0x000000008fd00000| PB 0x000000008fd00000| Untracked 
| 100|0x000000008fe00000, 0x000000008fe00000, 0x000000008ff00000|  0%| F|  |TAMS 0x000000008fe00000| PB 0x000000008fe00000| Untracked 
| 101|0x000000008ff00000, 0x000000008ff00000, 0x0000000090000000|  0%| F|  |TAMS 0x000000008ff00000| PB 0x000000008ff00000| Untracked 
| 102|0x0000000090000000, 0x0000000090000000, 0x0000000090100000|  0%| F|  |TAMS 0x0000000090000000| PB 0x0000000090000000| Untracked 
| 103|0x0000000090100000, 0x0000000090100000, 0x0000000090200000|  0%| F|  |TAMS 0x0000000090100000| PB 0x0000000090100000| Untracked 
| 104|0x0000000090200000, 0x0000000090235ef8, 0x0000000090300000| 21%| E|  |TAMS 0x0000000090200000| PB 0x0000000090200000| Complete 
| 105|0x0000000090300000, 0x00000000903f0000, 0x0000000090400000| 93%| S|CS|TAMS 0x0000000090300000| PB 0x0000000090300000| Complete 
| 106|0x0000000090400000, 0x0000000090500000, 0x0000000090500000|100%| S|CS|TAMS 0x0000000090400000| PB 0x0000000090400000| Complete 
| 107|0x0000000090500000, 0x0000000090600000, 0x0000000090600000|100%| E|CS|TAMS 0x0000000090500000| PB 0x0000000090500000| Complete 
| 108|0x0000000090600000, 0x0000000090700000, 0x0000000090700000|100%| E|CS|TAMS 0x0000000090600000| PB 0x0000000090600000| Complete 
| 109|0x0000000090700000, 0x0000000090800000, 0x0000000090800000|100%| E|CS|TAMS 0x0000000090700000| PB 0x0000000090700000| Complete 
| 110|0x0000000090800000, 0x0000000090900000, 0x0000000090900000|100%| E|CS|TAMS 0x0000000090800000| PB 0x0000000090800000| Complete 
| 111|0x0000000090900000, 0x0000000090a00000, 0x0000000090a00000|100%| E|CS|TAMS 0x0000000090900000| PB 0x0000000090900000| Complete 
| 112|0x0000000090a00000, 0x0000000090b00000, 0x0000000090b00000|100%| E|CS|TAMS 0x0000000090a00000| PB 0x0000000090a00000| Complete 
| 113|0x0000000090b00000, 0x0000000090c00000, 0x0000000090c00000|100%| E|CS|TAMS 0x0000000090b00000| PB 0x0000000090b00000| Complete 
| 114|0x0000000090c00000, 0x0000000090d00000, 0x0000000090d00000|100%| E|CS|TAMS 0x0000000090c00000| PB 0x0000000090c00000| Complete 
| 115|0x0000000090d00000, 0x0000000090e00000, 0x0000000090e00000|100%| E|CS|TAMS 0x0000000090d00000| PB 0x0000000090d00000| Complete 
| 116|0x0000000090e00000, 0x0000000090f00000, 0x0000000090f00000|100%| E|CS|TAMS 0x0000000090e00000| PB 0x0000000090e00000| Complete 
| 117|0x0000000090f00000, 0x0000000091000000, 0x0000000091000000|100%| E|CS|TAMS 0x0000000090f00000| PB 0x0000000090f00000| Complete 
| 118|0x0000000091000000, 0x0000000091100000, 0x0000000091100000|100%| E|CS|TAMS 0x0000000091000000| PB 0x0000000091000000| Complete 
| 119|0x0000000091100000, 0x0000000091200000, 0x0000000091200000|100%| E|CS|TAMS 0x0000000091100000| PB 0x0000000091100000| Complete 

Card table byte_map: [0x000001b276230000,0x000001b2765f0000] _byte_map_base: 0x000001b275de3000

Marking Bits: (CMBitMap*) 0x000001b26da4ea70
 Bits: [0x000001b2765f0000, 0x000001b278388000)

Polling page: 0x000001b26d1d0000

Metaspace:

Usage:
  Non-class:      9.69 MB used.
      Class:      1.16 MB used.
       Both:     10.85 MB used.

Virtual space:
  Non-class space:       64.00 MB reserved,       9.75 MB ( 15%) committed,  1 nodes.
      Class space:        1.00 GB reserved,       1.25 MB ( <1%) committed,  1 nodes.
             Both:        1.06 GB reserved,      11.00 MB (  1%) committed. 

Chunk freelists:
   Non-Class:  6.02 MB
       Class:  14.67 MB
        Both:  20.70 MB

MaxMetaspaceSize: unlimited
CompressedClassSpaceSize: 1.00 GB
Initial GC threshold: 21.00 MB
Current GC threshold: 21.00 MB
CDS: on
 - commit_granule_bytes: 65536.
 - commit_granule_words: 8192.
 - virtual_space_node_default_size: 8388608.
 - enlarge_chunks_in_place: 1.
 - use_allocation_guard: 0.


Internal statistics:

num_allocs_failed_limit: 0.
num_arena_births: 116.
num_arena_deaths: 0.
num_vsnodes_births: 2.
num_vsnodes_deaths: 0.
num_space_committed: 176.
num_space_uncommitted: 0.
num_chunks_returned_to_freelist: 0.
num_chunks_taken_from_freelist: 295.
num_chunk_merges: 0.
num_chunk_splits: 186.
num_chunks_enlarged: 123.
num_inconsistent_stats: 0.

CodeHeap 'non-profiled nmethods': size=120000Kb used=488Kb max_used=488Kb free=119511Kb
 bounds [0x000001b207ad0000, 0x000001b207d40000, 0x000001b20f000000]
CodeHeap 'profiled nmethods': size=120000Kb used=2388Kb max_used=2388Kb free=117611Kb
 bounds [0x000001b200000000, 0x000001b200270000, 0x000001b207530000]
CodeHeap 'non-nmethods': size=5760Kb used=1534Kb max_used=1546Kb free=4225Kb
 bounds [0x000001b207530000, 0x000001b2077a0000, 0x000001b207ad0000]
 total_blobs=1870 nmethods=1321 adapters=454
 compilation: enabled
              stopped_count=0, restarted_count=0
 full_count=0

Compilation events (20 events):
Event: 2.071 Thread 0x000001b27a841d60 1272       3       java.nio.HeapByteBuffer::get (14 bytes)
Event: 2.071 Thread 0x000001b27a841d60 nmethod 1272 0x000001b200239090 code [0x000001b200239260, 0x000001b200239548]
Event: 2.072 Thread 0x000001b27a841d60 1273       3       java.nio.Buffer::nextGetIndex (30 bytes)
Event: 2.072 Thread 0x000001b27a841d60 nmethod 1273 0x000001b200239710 code [0x000001b2002398c0, 0x000001b200239aa8]
Event: 2.072 Thread 0x000001b27a841d60 1271       3       java.nio.ByteBuffer::arrayOffset (35 bytes)
Event: 2.072 Thread 0x000001b27a841d60 nmethod 1271 0x000001b200239b90 code [0x000001b200239d80, 0x000001b20023a078]
Event: 2.077 Thread 0x000001b27a841d60 1274       3       java.lang.Class::descriptorString (170 bytes)
Event: 2.079 Thread 0x000001b27a841d60 nmethod 1274 0x000001b20023a210 code [0x000001b20023a680, 0x000001b20023be90]
Event: 2.079 Thread 0x000001b27a841d60 1276       3       jdk.internal.misc.CDS::isDumpingArchive (4 bytes)
Event: 2.079 Thread 0x000001b27a841d60 nmethod 1276 0x000001b20023c890 code [0x000001b20023ca20, 0x000001b20023cb10]
Event: 2.079 Thread 0x000001b27a841d60 1275       1       java.lang.invoke.DirectMethodHandle::isCrackable (5 bytes)
Event: 2.079 Thread 0x000001b27a841d60 nmethod 1275 0x000001b207b47f10 code [0x000001b207b480a0, 0x000001b207b48170]
Event: 2.080 Thread 0x000001b27a841d60 1277       3       java.lang.ClassLoader::definePackage (85 bytes)
Event: 2.081 Thread 0x000001b27a841d60 nmethod 1277 0x000001b20023cb90 code [0x000001b20023ce80, 0x000001b20023dd48]
Event: 2.082 Thread 0x000001b27a841d60 1279       3       java.security.CodeSource::matchCerts (254 bytes)
Event: 2.083 Thread 0x000001b27a841d60 nmethod 1279 0x000001b20023e210 code [0x000001b20023e480, 0x000001b20023efb8]
Event: 2.083 Thread 0x000001b27a841d60 1278       3       java.lang.Package::isSealed (26 bytes)
Event: 2.083 Thread 0x000001b27a841d60 nmethod 1278 0x000001b20023f410 code [0x000001b20023f5c0, 0x000001b20023f8b8]
Event: 2.088 Thread 0x000001b27a841d60 1280       3       jdk.internal.loader.BuiltinClassLoader::isSealed (71 bytes)
Event: 2.091 Thread 0x000001b27a841d60 nmethod 1280 0x000001b20023f990 code [0x000001b20023fe20, 0x000001b200241c48]

GC Heap History (2 events):
Event: 0.991 GC heap before
{Heap before GC invocations=0 (full 0):
 garbage-first heap   total 122880K, used 13312K [0x0000000089a00000, 0x0000000100000000)
  region size 1024K, 13 young (13312K), 0 survivors (0K)
 Metaspace       used 4272K, committed 4416K, reserved 1114112K
  class space    used 399K, committed 448K, reserved 1048576K
}
Event: 0.997 GC heap after
{Heap after GC invocations=1 (full 0):
 garbage-first heap   total 122880K, used 1984K [0x0000000089a00000, 0x0000000100000000)
  region size 1024K, 2 young (2048K), 2 survivors (2048K)
 Metaspace       used 4272K, committed 4416K, reserved 1114112K
  class space    used 399K, committed 448K, reserved 1048576K
}

Dll operation events (10 events):
Event: 0.086 Loaded shared library C:\Program Files\Java\jdk-21\bin\java.dll
Event: 0.088 Loaded shared library C:\Program Files\Java\jdk-21\bin\zip.dll
Event: 0.143 Loaded shared library C:\Program Files\Java\jdk-21\bin\jsvml.dll
Event: 0.306 Loaded shared library C:\Program Files\Java\jdk-21\bin\instrument.dll
Event: 0.381 Loaded shared library C:\Program Files\Java\jdk-21\bin\jimage.dll
Event: 0.437 Loaded shared library C:\Program Files\Java\jdk-21\bin\net.dll
Event: 0.439 Loaded shared library C:\Program Files\Java\jdk-21\bin\nio.dll
Event: 0.464 Loaded shared library C:\Program Files\Java\jdk-21\bin\zip.dll
Event: 0.908 Loaded shared library C:\Program Files\Java\jdk-21\bin\extnet.dll
Event: 1.195 Loaded shared library C:\Program Files\Java\jdk-21\bin\sunmscapi.dll

Deoptimization events (20 events):
Event: 1.335 Thread 0x000001b26d9f95a0 DEOPT PACKING pc=0x000001b207b23c0c sp=0x000000968a0fb760
Event: 1.335 Thread 0x000001b26d9f95a0 DEOPT UNPACKING pc=0x000001b2075846a2 sp=0x000000968a0fb6f0 mode 2
Event: 1.360 Thread 0x000001b26d9f95a0 Uncommon trap: trap_request=0xffffffc6 fr.pc=0x000001b207b23c0c relative=0x000000000000042c
Event: 1.360 Thread 0x000001b26d9f95a0 Uncommon trap: reason=bimorphic_or_optimized_type_check action=maybe_recompile pc=0x000001b207b23c0c method=java.util.concurrent.ConcurrentHashMap.get(Ljava/lang/Object;)Ljava/lang/Object; @ 149 c2
Event: 1.360 Thread 0x000001b26d9f95a0 DEOPT PACKING pc=0x000001b207b23c0c sp=0x000000968a0fc3f0
Event: 1.360 Thread 0x000001b26d9f95a0 DEOPT UNPACKING pc=0x000001b2075846a2 sp=0x000000968a0fc380 mode 2
Event: 1.363 Thread 0x000001b26d9f95a0 Uncommon trap: trap_request=0xffffffc6 fr.pc=0x000001b207b23c0c relative=0x000000000000042c
Event: 1.363 Thread 0x000001b26d9f95a0 Uncommon trap: reason=bimorphic_or_optimized_type_check action=maybe_recompile pc=0x000001b207b23c0c method=java.util.concurrent.ConcurrentHashMap.get(Ljava/lang/Object;)Ljava/lang/Object; @ 149 c2
Event: 1.363 Thread 0x000001b26d9f95a0 DEOPT PACKING pc=0x000001b207b23c0c sp=0x000000968a0fc080
Event: 1.363 Thread 0x000001b26d9f95a0 DEOPT UNPACKING pc=0x000001b2075846a2 sp=0x000000968a0fc010 mode 2
Event: 1.430 Thread 0x000001b26d9f95a0 DEOPT PACKING pc=0x000001b20018a87c sp=0x000000968a0fd110
Event: 1.430 Thread 0x000001b26d9f95a0 DEOPT UNPACKING pc=0x000001b207584e42 sp=0x000000968a0fc548 mode 0
Event: 1.510 Thread 0x000001b26d9f95a0 Uncommon trap: trap_request=0xffffff45 fr.pc=0x000001b207b25020 relative=0x00000000000002a0
Event: 1.510 Thread 0x000001b26d9f95a0 Uncommon trap: reason=unstable_if action=reinterpret pc=0x000001b207b25020 method=java.util.HashMap.putVal(ILjava/lang/Object;Ljava/lang/Object;ZZ)Ljava/lang/Object; @ 162 c2
Event: 1.510 Thread 0x000001b26d9f95a0 DEOPT PACKING pc=0x000001b207b25020 sp=0x000000968a0fbd40
Event: 1.510 Thread 0x000001b26d9f95a0 DEOPT UNPACKING pc=0x000001b2075846a2 sp=0x000000968a0fbca8 mode 2
Event: 1.527 Thread 0x000001b26d9f95a0 Uncommon trap: trap_request=0xffffff45 fr.pc=0x000001b207af3dfc relative=0x00000000000001dc
Event: 1.527 Thread 0x000001b26d9f95a0 Uncommon trap: reason=unstable_if action=reinterpret pc=0x000001b207af3dfc method=jdk.internal.util.ArraysSupport.vectorizedHashCode(Ljava/lang/Object;IIII)I @ 2 c2
Event: 1.527 Thread 0x000001b26d9f95a0 DEOPT PACKING pc=0x000001b207af3dfc sp=0x000000968a0fbc80
Event: 1.527 Thread 0x000001b26d9f95a0 DEOPT UNPACKING pc=0x000001b2075846a2 sp=0x000000968a0fbc50 mode 2

Classes loaded (20 events):
Event: 2.089 Loading class com/mysql/cj/CancelQueryTaskImpl
Event: 2.089 Loading class com/mysql/cj/CancelQueryTaskImpl done
Event: 2.090 Loading class com/mysql/cj/CancelQueryTask
Event: 2.090 Loading class com/mysql/cj/CancelQueryTask done
Event: 2.090 Loading class com/mysql/cj/Query$CancelStatus
Event: 2.090 Loading class com/mysql/cj/Query$CancelStatus done
Event: 2.091 Loading class java/util/concurrent/atomic/AtomicBoolean
Event: 2.091 Loading class java/util/concurrent/atomic/AtomicBoolean done
Event: 2.092 Loading class View/JFrame
Event: 2.092 Loading class View/JFrame done
Event: 2.093 Loading class javax/swing/JFrame
Event: 2.093 Loading class javax/swing/WindowConstants
Event: 2.093 Loading class javax/swing/WindowConstants done
Event: 2.093 Loading class javax/swing/RootPaneContainer
Event: 2.093 Loading class javax/swing/RootPaneContainer done
Event: 2.094 Loading class java/awt/Frame
Event: 2.094 Loading class java/awt/Window
Event: 2.096 Loading class java/awt/Window done
Event: 2.096 Loading class java/awt/Frame done
Event: 2.096 Loading class javax/swing/JFrame done

Classes unloaded (0 events):
No events

Classes redefined (0 events):
No events

Internal exceptions (14 events):
Event: 0.308 Thread 0x000001b26d9f95a0 Exception <a 'java/lang/NoSuchMethodError'{0x0000000090f27730}: 'void java.lang.invoke.DirectMethodHandle$Holder.invokeStatic(java.lang.Object, java.lang.Object, java.lang.Object)'> (0x0000000090f27730) 
thrown [s\open\src\hotspot\share\interpreter\linkResolver.cpp, line 773]
Event: 0.317 Thread 0x000001b26d9f95a0 Exception <a 'java/lang/NoSuchMethodError'{0x0000000090f3ec38}: 'java.lang.Object java.lang.invoke.Invokers$Holder.invokeExact_MT(java.lang.Object, java.lang.Object, java.lang.Object, java.lang.Object, java.lang.Object)'> (0x0000000090f3ec38) 
thrown [s\open\src\hotspot\share\interpreter\linkResolver.cpp, line 773]
Event: 0.520 Thread 0x000001b26d9f95a0 Exception <a 'java/lang/NoSuchMethodError'{0x0000000090de60f8}: 'void java.lang.invoke.DirectMethodHandle$Holder.invokeStatic(java.lang.Object, java.lang.Object)'> (0x0000000090de60f8) 
thrown [s\open\src\hotspot\share\interpreter\linkResolver.cpp, line 773]
Event: 0.607 Thread 0x000001b26d9f95a0 Exception <a 'java/lang/NoSuchMethodError'{0x0000000090cff130}: 'java.lang.Object java.lang.invoke.DirectMethodHandle$Holder.invokeInterface(java.lang.Object, java.lang.Object)'> (0x0000000090cff130) 
thrown [s\open\src\hotspot\share\interpreter\linkResolver.cpp, line 773]
Event: 0.677 Thread 0x000001b26d9f95a0 Exception <a 'java/lang/NoSuchMethodError'{0x0000000090bd6cb8}: 'void java.lang.invoke.DirectMethodHandle$Holder.invokeSpecial(java.lang.Object, java.lang.Object, java.lang.Object)'> (0x0000000090bd6cb8) 
thrown [s\open\src\hotspot\share\interpreter\linkResolver.cpp, line 773]
Event: 0.689 Thread 0x000001b26d9f95a0 Exception <a 'java/lang/NoSuchMethodError'{0x0000000090be39e8}: 'java.lang.Object java.lang.invoke.DirectMethodHandle$Holder.invokeVirtual(java.lang.Object, java.lang.Object, java.lang.Object)'> (0x0000000090be39e8) 
thrown [s\open\src\hotspot\share\interpreter\linkResolver.cpp, line 773]
Event: 1.114 Thread 0x000001b26d9f95a0 Exception <a 'java/lang/NoSuchMethodError'{0x0000000090fc96d0}: 'void java.lang.invoke.DirectMethodHandle$Holder.invokeStaticInit(java.lang.Object, java.lang.Object)'> (0x0000000090fc96d0) 
thrown [s\open\src\hotspot\share\interpreter\linkResolver.cpp, line 773]
Event: 1.285 Thread 0x000001b26d9f95a0 Exception <a 'sun/nio/fs/WindowsException'{0x0000000090c02248}> (0x0000000090c02248) 
thrown [s\open\src\hotspot\share\prims\jni.cpp, line 520]
Event: 1.402 Thread 0x000001b26d9f95a0 Exception <a 'java/lang/NoSuchMethodError'{0x0000000090b5d818}: 'java.lang.Object java.lang.invoke.DirectMethodHandle$Holder.invokeStaticInit(java.lang.Object, int, int, int, int)'> (0x0000000090b5d818) 
thrown [s\open\src\hotspot\share\interpreter\linkResolver.cpp, line 773]
Event: 1.443 Thread 0x000001b26d9f95a0 Exception <a 'java/lang/NoSuchMethodError'{0x0000000090a248a8}: 'java.lang.Object java.lang.invoke.DirectMethodHandle$Holder.invokeStaticInit(java.lang.Object, java.lang.Object, int, int, int, int)'> (0x0000000090a248a8) 
thrown [s\open\src\hotspot\share\interpreter\linkResolver.cpp, line 773]
Event: 1.548 Thread 0x000001b26d9f95a0 Exception <a 'java/lang/NoSuchMethodError'{0x000000009094f878}: 'int java.lang.invoke.DirectMethodHandle$Holder.invokeSpecial(java.lang.Object, java.lang.Object, java.lang.Object)'> (0x000000009094f878) 
thrown [s\open\src\hotspot\share\interpreter\linkResolver.cpp, line 773]
Event: 1.812 Thread 0x000001b26d9f95a0 Exception <a 'java/lang/NoSuchMethodError'{0x000000009073e738}: 'void java.lang.invoke.DirectMethodHandle$Holder.invokeVirtual(java.lang.Object, java.lang.Object)'> (0x000000009073e738) 
thrown [s\open\src\hotspot\share\interpreter\linkResolver.cpp, line 773]
Event: 2.031 Thread 0x000001b26d9f95a0 Exception <a 'java/lang/NoSuchMethodError'{0x00000000906f6780}: 'void java.lang.invoke.DirectMethodHandle$Holder.invokeStatic(java.lang.Object, java.lang.Object, java.lang.Object, java.lang.Object)'> (0x00000000906f6780) 
thrown [s\open\src\hotspot\share\interpreter\linkResolver.cpp, line 773]
Event: 2.069 Thread 0x000001b26d9f95a0 Exception <a 'java/lang/NoSuchMethodError'{0x0000000090563800}: 'void java.lang.invoke.DirectMethodHandle$Holder.invokeInterface(java.lang.Object, java.lang.Object, java.lang.Object, java.lang.Object)'> (0x0000000090563800) 
thrown [s\open\src\hotspot\share\interpreter\linkResolver.cpp, line 773]

ZGC Phase Switch (0 events):
No events

VM Operations (16 events):
Event: 0.234 Executing VM operation: HandshakeAllThreads (Deoptimize)
Event: 0.234 Executing VM operation: HandshakeAllThreads (Deoptimize) done
Event: 0.302 Executing VM operation: ChangeBreakpoints
Event: 0.302 Executing VM operation: ChangeBreakpoints done
Event: 0.303 Executing VM operation: ChangeBreakpoints
Event: 0.303 Executing VM operation: ChangeBreakpoints done
Event: 0.532 Executing VM operation: HandshakeAllThreads (Deoptimize)
Event: 0.532 Executing VM operation: HandshakeAllThreads (Deoptimize) done
Event: 0.659 Executing VM operation: HandshakeAllThreads (Deoptimize)
Event: 0.660 Executing VM operation: HandshakeAllThreads (Deoptimize) done
Event: 0.990 Executing VM operation: G1CollectForAllocation (G1 Evacuation Pause)
Event: 0.997 Executing VM operation: G1CollectForAllocation (G1 Evacuation Pause) done
Event: 1.205 Executing VM operation: HandshakeAllThreads (Deoptimize)
Event: 1.205 Executing VM operation: HandshakeAllThreads (Deoptimize) done
Event: 1.309 Executing VM operation: HandshakeAllThreads (Deoptimize)
Event: 1.309 Executing VM operation: HandshakeAllThreads (Deoptimize) done

Events (16 events):
Event: 0.112 Thread 0x000001b26d9f95a0 Thread added: 0x000001b26d9f95a0
Event: 0.140 Thread 0x000001b27a831e10 Thread added: 0x000001b27a831e10
Event: 0.140 Thread 0x000001b27a833140 Thread added: 0x000001b27a833140
Event: 0.140 Thread 0x000001b27a836ae0 Thread added: 0x000001b27a836ae0
Event: 0.140 Thread 0x000001b27a837540 Thread added: 0x000001b27a837540
Event: 0.140 Thread 0x000001b27a838740 Thread added: 0x000001b27a838740
Event: 0.140 Thread 0x000001b27a8392d0 Thread added: 0x000001b27a8392d0
Event: 0.141 Thread 0x000001b27a83a470 Thread added: 0x000001b27a83a470
Event: 0.141 Thread 0x000001b27a841d60 Thread added: 0x000001b27a841d60
Event: 0.216 Thread 0x000001b27a7facb0 Thread added: 0x000001b27a7facb0
Event: 0.283 Thread 0x000001b27ab143e0 Thread added: 0x000001b27ab143e0
Event: 0.284 Thread 0x000001b27ab33f80 Thread added: 0x000001b27ab33f80
Event: 0.285 Thread 0x000001b27ab116e0 Thread added: 0x000001b27ab116e0
Event: 0.330 Thread 0x000001b27aba0310 Thread added: 0x000001b27aba0310
Event: 0.522 Thread 0x000001b27ac72070 Thread added: 0x000001b27ac72070
Event: 0.649 Thread 0x000001b27ad26570 Thread added: 0x000001b27ad26570


Dynamic libraries:
0x00007ff62bd60000 - 0x00007ff62bd70000 	C:\Program Files\Java\jdk-21\bin\java.exe
0x00007ff912e60000 - 0x00007ff913069000 	C:\Windows\SYSTEM32\ntdll.dll
0x00007ff9128d0000 - 0x00007ff91298d000 	C:\Windows\System32\KERNEL32.DLL
0x00007ff910800000 - 0x00007ff910b84000 	C:\Windows\System32\KERNELBASE.dll
0x00007ff910b90000 - 0x00007ff910ca1000 	C:\Windows\System32\ucrtbase.dll
0x00007ff90b6d0000 - 0x00007ff90b6e9000 	C:\Program Files\Java\jdk-21\bin\jli.dll
0x00007ff902740000 - 0x00007ff90275b000 	C:\Program Files\Java\jdk-21\bin\VCRUNTIME140.dll
0x00007ff9125c0000 - 0x00007ff91266e000 	C:\Windows\System32\ADVAPI32.dll
0x00007ff912b20000 - 0x00007ff912bc3000 	C:\Windows\System32\msvcrt.dll
0x00007ff912a80000 - 0x00007ff912b1e000 	C:\Windows\System32\sechost.dll
0x00007ff911010000 - 0x00007ff911131000 	C:\Windows\System32\RPCRT4.dll
0x00007ff910cb0000 - 0x00007ff910e5d000 	C:\Windows\System32\USER32.dll
0x00007ff9105f0000 - 0x00007ff910616000 	C:\Windows\System32\win32u.dll
0x00007ff910fe0000 - 0x00007ff91100a000 	C:\Windows\System32\GDI32.dll
0x00007ff910360000 - 0x00007ff91047e000 	C:\Windows\System32\gdi32full.dll
0x00007ff910620000 - 0x00007ff9106bd000 	C:\Windows\System32\msvcp_win.dll
0x00007ff9077b0000 - 0x00007ff9077ba000 	C:\Windows\SYSTEM32\VERSION.dll
0x00007ff8f7fe0000 - 0x00007ff8f8285000 	C:\Windows\WinSxS\amd64_microsoft.windows.common-controls_6595b64144ccf1df_6.0.22000.120_none_9d947278b86cc467\COMCTL32.dll
0x00007ff912670000 - 0x00007ff9126a1000 	C:\Windows\System32\IMM32.DLL
0x00007ff90c9b0000 - 0x00007ff90c9bc000 	C:\Program Files\Java\jdk-21\bin\vcruntime140_1.dll
0x00007ff8fe8c0000 - 0x00007ff8fe94e000 	C:\Program Files\Java\jdk-21\bin\msvcp140.dll
0x00007ff88c110000 - 0x00007ff88ce27000 	C:\Program Files\Java\jdk-21\bin\server\jvm.dll
0x00007ff9112d0000 - 0x00007ff91133f000 	C:\Windows\System32\WS2_32.dll
0x00007ff90ec50000 - 0x00007ff90ec9d000 	C:\Windows\SYSTEM32\POWRPROF.dll
0x00007ff90ae20000 - 0x00007ff90ae53000 	C:\Windows\SYSTEM32\WINMM.dll
0x00007ff90ed40000 - 0x00007ff90ed53000 	C:\Windows\SYSTEM32\UMPDC.dll
0x00007ff90f450000 - 0x00007ff90f468000 	C:\Windows\SYSTEM32\kernel.appcore.dll
0x00007ff90c930000 - 0x00007ff90c93a000 	C:\Program Files\Java\jdk-21\bin\jimage.dll
0x00007ff8fb6c0000 - 0x00007ff8fb8e1000 	C:\Windows\SYSTEM32\DBGHELP.DLL
0x00007ff8fb550000 - 0x00007ff8fb581000 	C:\Windows\SYSTEM32\dbgcore.DLL
0x00007ff9106c0000 - 0x00007ff91073f000 	C:\Windows\System32\bcryptPrimitives.dll
0x00007ff8fef80000 - 0x00007ff8fefbc000 	C:\Program Files\Java\jdk-21\bin\jdwp.dll
0x00007ff90b7f0000 - 0x00007ff90b7ff000 	C:\Program Files\Java\jdk-21\bin\instrument.dll
0x00007ff902720000 - 0x00007ff90273f000 	C:\Program Files\Java\jdk-21\bin\java.dll
0x00007ff901a10000 - 0x00007ff901a28000 	C:\Program Files\Java\jdk-21\bin\zip.dll
0x00007ff9117c0000 - 0x00007ff911f85000 	C:\Windows\System32\SHELL32.dll
0x00007ff90e3d0000 - 0x00007ff90ec32000 	C:\Windows\SYSTEM32\windows.storage.dll
0x00007ff911f90000 - 0x00007ff912306000 	C:\Windows\System32\combase.dll
0x00007ff90e260000 - 0x00007ff90e3c7000 	C:\Windows\SYSTEM32\wintypes.dll
0x00007ff912990000 - 0x00007ff912a7a000 	C:\Windows\System32\SHCORE.dll
0x00007ff912bf0000 - 0x00007ff912c4d000 	C:\Windows\System32\shlwapi.dll
0x00007ff910220000 - 0x00007ff910245000 	C:\Windows\SYSTEM32\profapi.dll
0x00007ff8f1730000 - 0x00007ff8f1807000 	C:\Program Files\Java\jdk-21\bin\jsvml.dll
0x00007ff901840000 - 0x00007ff90184c000 	C:\Program Files\Java\jdk-21\bin\dt_socket.dll
0x00007ff90eef0000 - 0x00007ff90ef1d000 	C:\Windows\SYSTEM32\IPHLPAPI.DLL
0x00007ff90f900000 - 0x00007ff90f967000 	C:\Windows\system32\mswsock.dll
0x00007ff9017c0000 - 0x00007ff9017d0000 	C:\Program Files\Java\jdk-21\bin\net.dll
0x00007ff90ad00000 - 0x00007ff90ae14000 	C:\Windows\SYSTEM32\WINHTTP.dll
0x00007ff8ffa70000 - 0x00007ff8ffa86000 	C:\Program Files\Java\jdk-21\bin\nio.dll
0x00007ff90ef20000 - 0x00007ff90f007000 	C:\Windows\SYSTEM32\DNSAPI.dll
0x00007ff912720000 - 0x00007ff912729000 	C:\Windows\System32\NSI.dll
0x00007ff9011d0000 - 0x00007ff9011da000 	C:\Windows\System32\rasadhlp.dll
0x00007ff907a90000 - 0x00007ff907b11000 	C:\Windows\System32\fwpuclnt.dll
0x00007ff9016d0000 - 0x00007ff9016d9000 	C:\Program Files\Java\jdk-21\bin\extnet.dll
0x00007ff901150000 - 0x00007ff90115e000 	C:\Program Files\Java\jdk-21\bin\sunmscapi.dll
0x00007ff910480000 - 0x00007ff9105e2000 	C:\Windows\System32\CRYPT32.dll
0x00007ff90fc90000 - 0x00007ff90fcb8000 	C:\Windows\SYSTEM32\ncrypt.dll
0x00007ff90fc50000 - 0x00007ff90fc87000 	C:\Windows\SYSTEM32\NTASN1.dll
0x00007ff90fb50000 - 0x00007ff90fb68000 	C:\Windows\SYSTEM32\CRYPTSP.dll
0x00007ff90f3b0000 - 0x00007ff90f3e5000 	C:\Windows\system32\rsaenh.dll
0x00007ff90f9f0000 - 0x00007ff90fa1c000 	C:\Windows\SYSTEM32\USERENV.dll
0x00007ff90fcc0000 - 0x00007ff90fce7000 	C:\Windows\SYSTEM32\bcrypt.dll
0x00007ff90fb40000 - 0x00007ff90fb4c000 	C:\Windows\SYSTEM32\CRYPTBASE.dll
0x00007ff8e3060000 - 0x00007ff8e31ef000 	C:\Program Files\Java\jdk-21\bin\awt.dll
0x00007ff9127d0000 - 0x00007ff9128a6000 	C:\Windows\System32\OLEAUT32.dll
0x00007ff90d580000 - 0x00007ff90d612000 	C:\Windows\SYSTEM32\apphelp.dll

dbghelp: loaded successfully - version: 4.0.5 - missing functions: none
symbol engine: initialized successfully - sym options: 0x614 - pdb path: .;C:\Program Files\Java\jdk-21\bin;C:\Windows\SYSTEM32;C:\Windows\WinSxS\amd64_microsoft.windows.common-controls_6595b64144ccf1df_6.0.22000.120_none_9d947278b86cc467;C:\Program Files\Java\jdk-21\bin\server

VM Arguments:
jvm_args: -agentlib:jdwp=transport=dt_socket,address=127.0.0.1:52560,suspend=y,server=n -javaagent:C:\Users\user\AppData\Local\JetBrains\IdeaIC2023.3\captureAgent\debugger-agent.jar -Dfile.encoding=UTF-8 -Dsun.stdout.encoding=UTF-8 -Dsun.stderr.encoding=UTF-8 
java_command: SocialMediaPlatform.Main
java_class_path (initial): E:\UNIVERSITY\Semester-3\Data Structures\SocialMediaPlatform\out\production\SocialMediaPlatform;E:\UNIVERSITY\Semester-3\Data Structures\mysql-connector-j-9.1.0\mysql-connector-j-9.1.0.jar;C:\Program Files\JetBrains\IntelliJ IDEA Community Edition 2023.3.4\lib\idea_rt.jar
Launcher Type: SUN_STANDARD

[Global flags]
     intx CICompilerCount                          = 3                                         {product} {ergonomic}
     uint ConcGCThreads                            = 1                                         {product} {ergonomic}
     uint G1ConcRefinementThreads                  = 4                                         {product} {ergonomic}
   size_t G1HeapRegionSize                         = 1048576                                   {product} {ergonomic}
    uintx GCDrainStackTargetSize                   = 64                                        {product} {ergonomic}
   size_t InitialHeapSize                          = 125829120                                 {product} {ergonomic}
   size_t MarkStackSize                            = 4194304                                   {product} {ergonomic}
   size_t MaxHeapSize                              = 1986002944                                {product} {ergonomic}
   size_t MaxNewSize                               = 1191182336                                {product} {ergonomic}
   size_t MinHeapDeltaBytes                        = 1048576                                   {product} {ergonomic}
   size_t MinHeapSize                              = 8388608                                   {product} {ergonomic}
    uintx NonNMethodCodeHeapSize                   = 5832780                                {pd product} {ergonomic}
    uintx NonProfiledCodeHeapSize                  = 122912730                              {pd product} {ergonomic}
    uintx ProfiledCodeHeapSize                     = 122912730                              {pd product} {ergonomic}
    uintx ReservedCodeCacheSize                    = 251658240                              {pd product} {ergonomic}
     bool SegmentedCodeCache                       = true                                      {product} {ergonomic}
   size_t SoftMaxHeapSize                          = 1986002944                             {manageable} {ergonomic}
     bool UseCompressedOops                        = true                           {product lp64_product} {ergonomic}
     bool UseG1GC                                  = true                                      {product} {ergonomic}
     bool UseLargePagesIndividualAllocation        = false                                  {pd product} {ergonomic}

Logging:
Log output configuration:
 #0: stdout all=warning uptime,level,tags foldmultilines=false
 #1: stderr all=off uptime,level,tags foldmultilines=false

Environment Variables:
PATH=C:\Program Files\Common Files\Oracle\Java\javapath;C:\Windows\system32;C:\Windows;C:\Windows\System32\Wbem;C:\Windows\System32\WindowsPowerShell\v1.0\;C:\Windows\System32\OpenSSH\;C:\Users\user\AppData\Roaming\nvm;C:\Program Files\nodejs;C:\Program Files\Git\cmd;C:\Users\user\AppData\Local\Programs\Python\Python312\Scripts\;C:\Users\user\AppData\Local\Programs\Python\Python312\;C:\Users\user\AppData\Local\Microsoft\WindowsApps;C:\Users\user\AppData\Local\Programs\Microsoft VS Code\bin;C:\Users\user\AppData\Roaming\npm;C:\Program Files\JetBrains\IntelliJ IDEA Community Edition 2023.3.4\bin;;C:\Users\user\AppData\Roaming\nvm;C:\Program Files\nodejs;C:\Program Files\MongoDB\Server\8.0\bin;
USERNAME=user
OS=Windows_NT
PROCESSOR_IDENTIFIER=Intel64 Family 6 Model 78 Stepping 3, GenuineIntel
TMP=C:\Users\user\AppData\Local\Temp
TEMP=C:\Users\user\AppData\Local\Temp




Periodic native trim disabled

---------------  S Y S T E M  ---------------

OS:
 Windows 11 , 64 bit Build 22000 (10.0.22000.2538)
OS uptime: 0 days 4:55 hours

CPU: total 4 (initial active 4) (2 cores per cpu, 2 threads per core) family 6 model 78 stepping 3 microcode 0xd6, cx8, cmov, fxsr, ht, mmx, 3dnowpref, sse, sse2, sse3, ssse3, sse4.1, sse4.2, popcnt, lzcnt, tsc, tscinvbit, avx, avx2, aes, erms, clmul, bmi1, bmi2, rtm, adx, fma, vzeroupper, clflush, clflushopt, rdtscp, f16c
Processor Information for all 4 processors :
  Max Mhz: 2496, Current Mhz: 2396, Mhz Limit: 2396

Memory: 4k page, system-wide physical 7568M (980M free)
TotalPageFile size 9616M (AvailPageFile size 4M)
current process WorkingSet (physical memory assigned to process): 92M, peak: 92M
current process commit charge ("private bytes"): 229M, peak: 230M

vm_info: Java HotSpot(TM) 64-Bit Server VM (21.0.2+13-LTS-58) for windows-amd64 JRE (21.0.2+13-LTS-58), built on 2024-01-05T18:32:24Z by "mach5one" with MS VC++ 17.1 (VS2022)

END.
